{"C:\\Users\\HP\\FREELENCERHUB\\frontend\\src\\App.css": {"path":"C:\\Users\\HP\\FREELENCERHUB\\frontend\\src\\App.css","statementMap":{},"fnMap":{},"branchMap":{},"s":{},"f":{},"b":{},"meta":{"lastBranch":0,"lastFunction":0,"lastStatement":0,"seen":{}}}
,"C:\\Users\\HP\\FREELENCERHUB\\frontend\\src\\App.jsx": {"path":"C:\\Users\\HP\\FREELENCERHUB\\frontend\\src\\App.jsx","statementMap":{"0":{"start":{"line":29,"column":6},"end":{"line":31,"column":null}},"1":{"start":{"line":30,"column":10},"end":{"line":30,"column":39}},"2":{"start":{"line":31,"column":2},"end":{"line":31,"column":null}},"3":{"start":{"line":35,"column":6},"end":{"line":37,"column":null}},"4":{"start":{"line":36,"column":10},"end":{"line":36,"column":39}},"5":{"start":{"line":37,"column":2},"end":{"line":37,"column":null}},"6":{"start":{"line":41,"column":2},"end":{"line":117,"column":null}},"7":{"start":{"line":124,"column":2},"end":{"line":125,"column":null}},"8":{"start":{"line":127,"column":2},"end":{"line":134,"column":null}}},"fnMap":{"0":{"name":"(anonymous_0)","decl":{"start":{"line":29,"column":6},"end":{"line":29,"column":24}},"loc":{"start":{"line":29,"column":41},"end":{"line":31,"column":null}},"line":29},"1":{"name":"(anonymous_1)","decl":{"start":{"line":35,"column":6},"end":{"line":35,"column":20}},"loc":{"start":{"line":35,"column":37},"end":{"line":37,"column":null}},"line":35},"2":{"name":"AppRoutes","decl":{"start":{"line":40,"column":9},"end":{"line":40,"column":21}},"loc":{"start":{"line":40,"column":21},"end":{"line":117,"column":null}},"line":40},"3":{"name":"App","decl":{"start":{"line":122,"column":9},"end":{"line":122,"column":15}},"loc":{"start":{"line":122,"column":15},"end":{"line":134,"column":null}},"line":122},"4":{"name":"(anonymous_4)","decl":{"start":{"line":124,"column":2},"end":{"line":124,"column":18}},"loc":{"start":{"line":124,"column":18},"end":{"line":124,"column":null}},"line":124}},"branchMap":{"0":{"loc":{"start":{"line":31,"column":9},"end":{"line":31,"column":null}},"type":"cond-expr","locations":[{"start":{"line":31,"column":27},"end":{"line":31,"column":38}},{"start":{"line":31,"column":38},"end":{"line":31,"column":null}}],"line":31},"1":{"loc":{"start":{"line":37,"column":9},"end":{"line":37,"column":null}},"type":"cond-expr","locations":[{"start":{"line":37,"column":28},"end":{"line":37,"column":39}},{"start":{"line":37,"column":39},"end":{"line":37,"column":null}}],"line":37}},"s":{"0":1,"1":2,"2":2,"3":1,"4":1,"5":1,"6":2,"7":2,"8":2},"f":{"0":2,"1":1,"2":2,"3":2,"4":2},"b":{"0":[1,1],"1":[1,0]},"meta":{"lastBranch":2,"lastFunction":5,"lastStatement":9,"seen":{"s:29:6:31:Infinity":0,"f:29:6:29:24":0,"s:30:10:30:39":1,"s:31:2:31:Infinity":2,"b:31:27:31:38:31:38:31:Infinity":0,"s:35:6:37:Infinity":3,"f:35:6:35:20":1,"s:36:10:36:39":4,"s:37:2:37:Infinity":5,"b:37:28:37:39:37:39:37:Infinity":1,"f:40:9:40:21":2,"s:41:2:117:Infinity":6,"f:122:9:122:15":3,"s:124:2:125:Infinity":7,"f:124:2:124:18":4,"s:127:2:134:Infinity":8}}}
,"C:\\Users\\HP\\FREELENCERHUB\\frontend\\src\\components\\Chatbot.css": {"path":"C:\\Users\\HP\\FREELENCERHUB\\frontend\\src\\components\\Chatbot.css","statementMap":{},"fnMap":{},"branchMap":{},"s":{},"f":{},"b":{},"meta":{"lastBranch":0,"lastFunction":0,"lastStatement":0,"seen":{}}}
,"C:\\Users\\HP\\FREELENCERHUB\\frontend\\src\\components\\Chatbot.jsx": {"path":"C:\\Users\\HP\\FREELENCERHUB\\frontend\\src\\components\\Chatbot.jsx","statementMap":{"0":{"start":{"line":6,"column":6},"end":{"line":81,"column":null}},"1":{"start":{"line":7,"column":17},"end":{"line":7,"column":45}},"2":{"start":{"line":8,"column":16},"end":{"line":8,"column":40}},"3":{"start":{"line":9,"column":19},"end":{"line":11,"column":4}},"4":{"start":{"line":12,"column":20},"end":{"line":12,"column":51}},"5":{"start":{"line":14,"column":8},"end":{"line":14,"column":45}},"6":{"start":{"line":14,"column":27},"end":{"line":14,"column":45}},"7":{"start":{"line":16,"column":21},"end":{"line":34,"column":null}},"8":{"start":{"line":17,"column":4},"end":{"line":17,"column":null}},"9":{"start":{"line":18,"column":4},"end":{"line":18,"column":null}},"10":{"start":{"line":18,"column":23},"end":{"line":18,"column":null}},"11":{"start":{"line":20,"column":24},"end":{"line":20,"column":null}},"12":{"start":{"line":21,"column":4},"end":{"line":21,"column":null}},"13":{"start":{"line":21,"column":24},"end":{"line":21,"column":46}},"14":{"start":{"line":22,"column":4},"end":{"line":22,"column":null}},"15":{"start":{"line":23,"column":4},"end":{"line":23,"column":null}},"16":{"start":{"line":25,"column":4},"end":{"line":34,"column":null}},"17":{"start":{"line":26,"column":23},"end":{"line":26,"column":99}},"18":{"start":{"line":27,"column":25},"end":{"line":27,"column":null}},"19":{"start":{"line":28,"column":6},"end":{"line":28,"column":null}},"20":{"start":{"line":28,"column":26},"end":{"line":28,"column":47}},"21":{"start":{"line":30,"column":6},"end":{"line":30,"column":null}},"22":{"start":{"line":31,"column":27},"end":{"line":31,"column":null}},"23":{"start":{"line":32,"column":6},"end":{"line":32,"column":null}},"24":{"start":{"line":32,"column":26},"end":{"line":32,"column":49}},"25":{"start":{"line":34,"column":6},"end":{"line":34,"column":null}},"26":{"start":{"line":38,"column":2},"end":{"line":81,"column":null}},"27":{"start":{"line":61,"column":14},"end":{"line":63,"column":null}},"28":{"start":{"line":77,"column":31},"end":{"line":77,"column":null}}},"fnMap":{"0":{"name":"(anonymous_0)","decl":{"start":{"line":6,"column":6},"end":{"line":6,"column":22}},"loc":{"start":{"line":6,"column":22},"end":{"line":81,"column":null}},"line":6},"1":{"name":"(anonymous_1)","decl":{"start":{"line":14,"column":8},"end":{"line":14,"column":27}},"loc":{"start":{"line":14,"column":27},"end":{"line":14,"column":45}},"line":14},"2":{"name":"(anonymous_2)","decl":{"start":{"line":16,"column":21},"end":{"line":16,"column":28}},"loc":{"start":{"line":16,"column":34},"end":{"line":34,"column":null}},"line":16},"3":{"name":"(anonymous_3)","decl":{"start":{"line":21,"column":4},"end":{"line":21,"column":16}},"loc":{"start":{"line":21,"column":24},"end":{"line":21,"column":46}},"line":21},"4":{"name":"(anonymous_4)","decl":{"start":{"line":28,"column":6},"end":{"line":28,"column":18}},"loc":{"start":{"line":28,"column":26},"end":{"line":28,"column":47}},"line":28},"5":{"name":"(anonymous_5)","decl":{"start":{"line":32,"column":6},"end":{"line":32,"column":18}},"loc":{"start":{"line":32,"column":26},"end":{"line":32,"column":49}},"line":32},"6":{"name":"(anonymous_6)","decl":{"start":{"line":60,"column":22},"end":{"line":60,"column":27}},"loc":{"start":{"line":61,"column":14},"end":{"line":63,"column":null}},"line":61},"7":{"name":"(anonymous_7)","decl":{"start":{"line":77,"column":14},"end":{"line":77,"column":25}},"loc":{"start":{"line":77,"column":31},"end":{"line":77,"column":null}},"line":77}},"branchMap":{"0":{"loc":{"start":{"line":18,"column":4},"end":{"line":18,"column":null}},"type":"if","locations":[{"start":{"line":18,"column":4},"end":{"line":18,"column":null}},{"start":{},"end":{}}],"line":18},"1":{"loc":{"start":{"line":39,"column":41},"end":{"line":39,"column":null}},"type":"cond-expr","locations":[{"start":{"line":39,"column":50},"end":{"line":39,"column":59}},{"start":{"line":39,"column":59},"end":{"line":39,"column":null}}],"line":39},"2":{"loc":{"start":{"line":40,"column":7},"end":{"line":47,"column":null}},"type":"binary-expr","locations":[{"start":{"line":40,"column":7},"end":{"line":40,"column":null}},{"start":{"line":41,"column":8},"end":{"line":47,"column":null}}],"line":40},"3":{"loc":{"start":{"line":47,"column":7},"end":{"line":81,"column":null}},"type":"binary-expr","locations":[{"start":{"line":47,"column":7},"end":{"line":47,"column":null}},{"start":{"line":48,"column":8},"end":{"line":81,"column":null}}],"line":47},"4":{"loc":{"start":{"line":61,"column":53},"end":{"line":61,"column":null}},"type":"cond-expr","locations":[{"start":{"line":61,"column":65},"end":{"line":61,"column":73}},{"start":{"line":61,"column":73},"end":{"line":61,"column":null}}],"line":61},"5":{"loc":{"start":{"line":65,"column":13},"end":{"line":68,"column":null}},"type":"binary-expr","locations":[{"start":{"line":65,"column":13},"end":{"line":65,"column":null}},{"start":{"line":66,"column":14},"end":{"line":68,"column":null}}],"line":65}},"s":{"0":2,"1":18,"2":18,"3":18,"4":18,"5":18,"6":5,"7":18,"8":3,"9":3,"10":1,"11":2,"12":2,"13":2,"14":2,"15":2,"16":2,"17":2,"18":1,"19":1,"20":1,"21":1,"22":1,"23":1,"24":1,"25":2,"26":18,"27":16,"28":2},"f":{"0":18,"1":5,"2":3,"3":2,"4":1,"5":1,"6":16,"7":2},"b":{"0":[1,2],"1":[10,8],"2":[18,8],"3":[18,10],"4":[12,4],"5":[10,2]},"meta":{"lastBranch":6,"lastFunction":8,"lastStatement":29,"seen":{"s:6:6:81:Infinity":0,"f:6:6:6:22":0,"s:7:17:7:45":1,"s:8:16:8:40":2,"s:9:19:11:4":3,"s:12:20:12:51":4,"s:14:8:14:45":5,"f:14:8:14:27":1,"s:14:27:14:45":6,"s:16:21:34:Infinity":7,"f:16:21:16:28":2,"s:17:4:17:Infinity":8,"b:18:4:18:Infinity:undefined:undefined:undefined:undefined":0,"s:18:4:18:Infinity":9,"s:18:23:18:Infinity":10,"s:20:24:20:Infinity":11,"s:21:4:21:Infinity":12,"f:21:4:21:16":3,"s:21:24:21:46":13,"s:22:4:22:Infinity":14,"s:23:4:23:Infinity":15,"s:25:4:34:Infinity":16,"s:26:23:26:99":17,"s:27:25:27:Infinity":18,"s:28:6:28:Infinity":19,"f:28:6:28:18":4,"s:28:26:28:47":20,"s:30:6:30:Infinity":21,"s:31:27:31:Infinity":22,"s:32:6:32:Infinity":23,"f:32:6:32:18":5,"s:32:26:32:49":24,"s:34:6:34:Infinity":25,"s:38:2:81:Infinity":26,"b:39:50:39:59:39:59:39:Infinity":1,"b:40:7:40:Infinity:41:8:47:Infinity":2,"b:47:7:47:Infinity:48:8:81:Infinity":3,"f:60:22:60:27":6,"s:61:14:63:Infinity":27,"b:61:65:61:73:61:73:61:Infinity":4,"b:65:13:65:Infinity:66:14:68:Infinity":5,"f:77:14:77:25":7,"s:77:31:77:Infinity":28}}}
,"C:\\Users\\HP\\FREELENCERHUB\\frontend\\src\\components\\ContactModal.css": {"path":"C:\\Users\\HP\\FREELENCERHUB\\frontend\\src\\components\\ContactModal.css","statementMap":{},"fnMap":{},"branchMap":{},"s":{},"f":{},"b":{},"meta":{"lastBranch":0,"lastFunction":0,"lastStatement":0,"seen":{}}}
,"C:\\Users\\HP\\FREELENCERHUB\\frontend\\src\\components\\ContactModal.jsx": {"path":"C:\\Users\\HP\\FREELENCERHUB\\frontend\\src\\components\\ContactModal.jsx","statementMap":{"0":{"start":{"line":7,"column":6},"end":{"line":75,"column":null}},"1":{"start":{"line":8,"column":10},"end":{"line":8,"column":28}},"2":{"start":{"line":9,"column":18},"end":{"line":9,"column":44}},"3":{"start":{"line":10,"column":18},"end":{"line":10,"column":47}},"4":{"start":{"line":12,"column":21},"end":{"line":30,"column":null}},"5":{"start":{"line":13,"column":4},"end":{"line":13,"column":null}},"6":{"start":{"line":13,"column":25},"end":{"line":13,"column":null}},"7":{"start":{"line":15,"column":4},"end":{"line":15,"column":null}},"8":{"start":{"line":16,"column":4},"end":{"line":30,"column":null}},"9":{"start":{"line":17,"column":6},"end":{"line":21,"column":null}},"10":{"start":{"line":23,"column":6},"end":{"line":25,"column":null}},"11":{"start":{"line":26,"column":6},"end":{"line":26,"column":null}},"12":{"start":{"line":28,"column":6},"end":{"line":28,"column":null}},"13":{"start":{"line":30,"column":6},"end":{"line":30,"column":null}},"14":{"start":{"line":34,"column":2},"end":{"line":75,"column":null}},"15":{"start":{"line":57,"column":31},"end":{"line":57,"column":57}}},"fnMap":{"0":{"name":"(anonymous_0)","decl":{"start":{"line":7,"column":6},"end":{"line":7,"column":22}},"loc":{"start":{"line":7,"column":50},"end":{"line":75,"column":null}},"line":7},"1":{"name":"(anonymous_1)","decl":{"start":{"line":12,"column":21},"end":{"line":12,"column":33}},"loc":{"start":{"line":12,"column":33},"end":{"line":30,"column":null}},"line":12},"2":{"name":"(anonymous_2)","decl":{"start":{"line":57,"column":14},"end":{"line":57,"column":25}},"loc":{"start":{"line":57,"column":31},"end":{"line":57,"column":57}},"line":57}},"branchMap":{"0":{"loc":{"start":{"line":13,"column":4},"end":{"line":13,"column":null}},"type":"if","locations":[{"start":{"line":13,"column":4},"end":{"line":13,"column":null}},{"start":{},"end":{}}],"line":13},"1":{"loc":{"start":{"line":49,"column":40},"end":{"line":49,"column":89}},"type":"binary-expr","locations":[{"start":{"line":49,"column":40},"end":{"line":49,"column":59}},{"start":{"line":49,"column":59},"end":{"line":49,"column":89}}],"line":49},"2":{"loc":{"start":{"line":69,"column":22},"end":{"line":69,"column":null}},"type":"binary-expr","locations":[{"start":{"line":69,"column":22},"end":{"line":69,"column":37}},{"start":{"line":69,"column":41},"end":{"line":69,"column":null}}],"line":69},"3":{"loc":{"start":{"line":71,"column":13},"end":{"line":71,"column":null}},"type":"cond-expr","locations":[{"start":{"line":71,"column":23},"end":{"line":71,"column":38}},{"start":{"line":71,"column":38},"end":{"line":71,"column":null}}],"line":71}},"s":{"0":4,"1":11,"2":11,"3":11,"4":11,"5":2,"6":0,"7":2,"8":2,"9":2,"10":1,"11":1,"12":1,"13":2,"14":11,"15":2},"f":{"0":11,"1":2,"2":2},"b":{"0":[0,2],"1":[11,0],"2":[11,6],"3":[2,9]},"meta":{"lastBranch":4,"lastFunction":3,"lastStatement":16,"seen":{"s:7:6:75:Infinity":0,"f:7:6:7:22":0,"s:8:10:8:28":1,"s:9:18:9:44":2,"s:10:18:10:47":3,"s:12:21:30:Infinity":4,"f:12:21:12:33":1,"b:13:4:13:Infinity:undefined:undefined:undefined:undefined":0,"s:13:4:13:Infinity":5,"s:13:25:13:Infinity":6,"s:15:4:15:Infinity":7,"s:16:4:30:Infinity":8,"s:17:6:21:Infinity":9,"s:23:6:25:Infinity":10,"s:26:6:26:Infinity":11,"s:28:6:28:Infinity":12,"s:30:6:30:Infinity":13,"s:34:2:75:Infinity":14,"b:49:40:49:59:49:59:49:89":1,"f:57:14:57:25":2,"s:57:31:57:57":15,"b:69:22:69:37:69:41:69:Infinity":2,"b:71:23:71:38:71:38:71:Infinity":3}}}
,"C:\\Users\\HP\\FREELENCERHUB\\frontend\\src\\components\\Navbar.css": {"path":"C:\\Users\\HP\\FREELENCERHUB\\frontend\\src\\components\\Navbar.css","statementMap":{},"fnMap":{},"branchMap":{},"s":{},"f":{},"b":{},"meta":{"lastBranch":0,"lastFunction":0,"lastStatement":0,"seen":{}}}
,"C:\\Users\\HP\\FREELENCERHUB\\frontend\\src\\components\\Navbar.jsx": {"path":"C:\\Users\\HP\\FREELENCERHUB\\frontend\\src\\components\\Navbar.jsx","statementMap":{"0":{"start":{"line":10,"column":6},"end":{"line":167,"column":null}},"1":{"start":{"line":11,"column":33},"end":{"line":11,"column":53}},"2":{"start":{"line":12,"column":22},"end":{"line":12,"column":51}},"3":{"start":{"line":13,"column":13},"end":{"line":13,"column":38}},"4":{"start":{"line":14,"column":21},"end":{"line":14,"column":53}},"5":{"start":{"line":15,"column":28},"end":{"line":15,"column":67}},"6":{"start":{"line":16,"column":38},"end":{"line":16,"column":79}},"7":{"start":{"line":17,"column":8},"end":{"line":17,"column":32}},"8":{"start":{"line":19,"column":8},"end":{"line":22,"column":null}},"9":{"start":{"line":20,"column":4},"end":{"line":20,"column":null}},"10":{"start":{"line":21,"column":4},"end":{"line":21,"column":null}},"11":{"start":{"line":22,"column":4},"end":{"line":22,"column":null}},"12":{"start":{"line":25,"column":8},"end":{"line":26,"column":null}},"13":{"start":{"line":26,"column":4},"end":{"line":26,"column":null}},"14":{"start":{"line":29,"column":2},"end":{"line":167,"column":null}},"15":{"start":{"line":33,"column":60},"end":{"line":33,"column":80}},"16":{"start":{"line":42,"column":34},"end":{"line":42,"column":67}},"17":{"start":{"line":43,"column":34},"end":{"line":43,"column":68}},"18":{"start":{"line":44,"column":34},"end":{"line":44,"column":72}},"19":{"start":{"line":70,"column":33},"end":{"line":70,"column":73}},"20":{"start":{"line":85,"column":26},"end":{"line":97,"column":null}},"21":{"start":{"line":87,"column":43},"end":{"line":87,"column":80}},"22":{"start":{"line":126,"column":25},"end":{"line":126,"column":51}},"23":{"start":{"line":142,"column":51},"end":{"line":142,"column":71}},"24":{"start":{"line":153,"column":47},"end":{"line":153,"column":67}},"25":{"start":{"line":157,"column":47},"end":{"line":157,"column":67}},"26":{"start":{"line":161,"column":50},"end":{"line":161,"column":70}}},"fnMap":{"0":{"name":"(anonymous_0)","decl":{"start":{"line":10,"column":6},"end":{"line":10,"column":21}},"loc":{"start":{"line":10,"column":21},"end":{"line":167,"column":null}},"line":10},"1":{"name":"(anonymous_1)","decl":{"start":{"line":19,"column":8},"end":{"line":19,"column":29}},"loc":{"start":{"line":19,"column":29},"end":{"line":22,"column":null}},"line":19},"2":{"name":"(anonymous_2)","decl":{"start":{"line":25,"column":8},"end":{"line":25,"column":26}},"loc":{"start":{"line":25,"column":32},"end":{"line":26,"column":null}},"line":25},"3":{"name":"(anonymous_3)","decl":{"start":{"line":33,"column":45},"end":{"line":33,"column":60}},"loc":{"start":{"line":33,"column":60},"end":{"line":33,"column":80}},"line":33},"4":{"name":"(anonymous_4)","decl":{"start":{"line":42,"column":24},"end":{"line":42,"column":29}},"loc":{"start":{"line":42,"column":34},"end":{"line":42,"column":67}},"line":42},"5":{"name":"(anonymous_5)","decl":{"start":{"line":43,"column":24},"end":{"line":43,"column":29}},"loc":{"start":{"line":43,"column":34},"end":{"line":43,"column":68}},"line":43},"6":{"name":"(anonymous_6)","decl":{"start":{"line":44,"column":24},"end":{"line":44,"column":29}},"loc":{"start":{"line":44,"column":34},"end":{"line":44,"column":72}},"line":44},"7":{"name":"(anonymous_7)","decl":{"start":{"line":70,"column":18},"end":{"line":70,"column":33}},"loc":{"start":{"line":70,"column":33},"end":{"line":70,"column":73}},"line":70},"8":{"name":"(anonymous_8)","decl":{"start":{"line":84,"column":50},"end":{"line":84,"column":55}},"loc":{"start":{"line":85,"column":26},"end":{"line":97,"column":null}},"line":85},"9":{"name":"(anonymous_9)","decl":{"start":{"line":87,"column":28},"end":{"line":87,"column":43}},"loc":{"start":{"line":87,"column":43},"end":{"line":87,"column":80}},"line":87},"10":{"name":"(anonymous_10)","decl":{"start":{"line":126,"column":10},"end":{"line":126,"column":25}},"loc":{"start":{"line":126,"column":25},"end":{"line":126,"column":51}},"line":126},"11":{"name":"(anonymous_11)","decl":{"start":{"line":142,"column":36},"end":{"line":142,"column":51}},"loc":{"start":{"line":142,"column":51},"end":{"line":142,"column":71}},"line":142},"12":{"name":"(anonymous_12)","decl":{"start":{"line":153,"column":32},"end":{"line":153,"column":47}},"loc":{"start":{"line":153,"column":47},"end":{"line":153,"column":67}},"line":153},"13":{"name":"(anonymous_13)","decl":{"start":{"line":157,"column":32},"end":{"line":157,"column":47}},"loc":{"start":{"line":157,"column":47},"end":{"line":157,"column":67}},"line":157},"14":{"name":"(anonymous_14)","decl":{"start":{"line":161,"column":35},"end":{"line":161,"column":50}},"loc":{"start":{"line":161,"column":50},"end":{"line":161,"column":70}},"line":161}},"branchMap":{"0":{"loc":{"start":{"line":42,"column":11},"end":{"line":42,"column":null}},"type":"binary-expr","locations":[{"start":{"line":42,"column":11},"end":{"line":42,"column":68}},{"start":{"line":42,"column":72},"end":{"line":42,"column":null}}],"line":42},"1":{"loc":{"start":{"line":43,"column":11},"end":{"line":43,"column":null}},"type":"binary-expr","locations":[{"start":{"line":43,"column":11},"end":{"line":43,"column":69}},{"start":{"line":43,"column":73},"end":{"line":43,"column":null}}],"line":43},"2":{"loc":{"start":{"line":44,"column":11},"end":{"line":44,"column":null}},"type":"binary-expr","locations":[{"start":{"line":44,"column":11},"end":{"line":44,"column":73}},{"start":{"line":44,"column":77},"end":{"line":44,"column":null}}],"line":44},"3":{"loc":{"start":{"line":45,"column":11},"end":{"line":45,"column":null}},"type":"binary-expr","locations":[{"start":{"line":45,"column":11},"end":{"line":45,"column":30}},{"start":{"line":45,"column":30},"end":{"line":45,"column":null}}],"line":45},"4":{"loc":{"start":{"line":46,"column":11},"end":{"line":46,"column":null}},"type":"binary-expr","locations":[{"start":{"line":46,"column":11},"end":{"line":46,"column":30}},{"start":{"line":46,"column":30},"end":{"line":46,"column":null}}],"line":46},"5":{"loc":{"start":{"line":54,"column":21},"end":{"line":54,"column":null}},"type":"cond-expr","locations":[{"start":{"line":54,"column":34},"end":{"line":54,"column":59}},{"start":{"line":54,"column":59},"end":{"line":54,"column":null}}],"line":54},"6":{"loc":{"start":{"line":56,"column":15},"end":{"line":56,"column":null}},"type":"cond-expr","locations":[{"start":{"line":56,"column":28},"end":{"line":56,"column":49}},{"start":{"line":56,"column":48},"end":{"line":56,"column":null}}],"line":56},"7":{"loc":{"start":{"line":65,"column":13},"end":{"line":119,"column":null}},"type":"cond-expr","locations":[{"start":{"line":66,"column":14},"end":{"line":113,"column":null}},{"start":{"line":115,"column":14},"end":{"line":119,"column":null}}],"line":65},"8":{"loc":{"start":{"line":68,"column":53},"end":{"line":68,"column":null}},"type":"cond-expr","locations":[{"start":{"line":68,"column":71},"end":{"line":68,"column":86}},{"start":{"line":68,"column":86},"end":{"line":68,"column":null}}],"line":68},"9":{"loc":{"start":{"line":73,"column":19},"end":{"line":76,"column":null}},"type":"binary-expr","locations":[{"start":{"line":73,"column":19},"end":{"line":73,"column":null}},{"start":{"line":74,"column":20},"end":{"line":76,"column":null}}],"line":73},"10":{"loc":{"start":{"line":78,"column":19},"end":{"line":98,"column":null}},"type":"binary-expr","locations":[{"start":{"line":78,"column":19},"end":{"line":78,"column":null}},{"start":{"line":79,"column":20},"end":{"line":98,"column":null}}],"line":78},"11":{"loc":{"start":{"line":81,"column":23},"end":{"line":97,"column":null}},"type":"cond-expr","locations":[{"start":{"line":82,"column":24},"end":{"line":84,"column":38}},{"start":{"line":84,"column":24},"end":{"line":97,"column":null}}],"line":81},"12":{"loc":{"start":{"line":87,"column":43},"end":{"line":87,"column":80}},"type":"binary-expr","locations":[{"start":{"line":87,"column":43},"end":{"line":87,"column":60}},{"start":{"line":87,"column":60},"end":{"line":87,"column":80}}],"line":87},"13":{"loc":{"start":{"line":92,"column":39},"end":{"line":92,"column":null}},"type":"cond-expr","locations":[{"start":{"line":92,"column":54},"end":{"line":92,"column":60}},{"start":{"line":92,"column":60},"end":{"line":92,"column":null}}],"line":92},"14":{"loc":{"start":{"line":93,"column":38},"end":{"line":93,"column":null}},"type":"cond-expr","locations":[{"start":{"line":93,"column":53},"end":{"line":93,"column":65}},{"start":{"line":93,"column":65},"end":{"line":93,"column":null}}],"line":93},"15":{"loc":{"start":{"line":105,"column":19},"end":{"line":105,"column":null}},"type":"binary-expr","locations":[{"start":{"line":105,"column":19},"end":{"line":105,"column":33}},{"start":{"line":105,"column":33},"end":{"line":105,"column":null}}],"line":105},"16":{"loc":{"start":{"line":129,"column":11},"end":{"line":129,"column":null}},"type":"cond-expr","locations":[{"start":{"line":129,"column":24},"end":{"line":129,"column":43}},{"start":{"line":129,"column":42},"end":{"line":129,"column":null}}],"line":129},"17":{"loc":{"start":{"line":134,"column":7},"end":{"line":167,"column":null}},"type":"binary-expr","locations":[{"start":{"line":134,"column":7},"end":{"line":134,"column":null}},{"start":{"line":135,"column":8},"end":{"line":167,"column":null}}],"line":134},"18":{"loc":{"start":{"line":140,"column":11},"end":{"line":165,"column":null}},"type":"cond-expr","locations":[{"start":{"line":141,"column":12},"end":{"line":150,"column":null}},{"start":{"line":152,"column":12},"end":{"line":165,"column":null}}],"line":140}},"s":{"0":2,"1":9,"2":9,"3":9,"4":9,"5":9,"6":9,"7":9,"8":9,"9":1,"10":1,"11":1,"12":9,"13":0,"14":9,"15":0,"16":1,"17":1,"18":1,"19":0,"20":0,"21":0,"22":1,"23":0,"24":0,"25":0,"26":0},"f":{"0":9,"1":1,"2":0,"3":0,"4":1,"5":1,"6":1,"7":0,"8":0,"9":0,"10":1,"11":0,"12":0,"13":0,"14":0},"b":{"0":[9,1],"1":[9,0],"2":[9,0],"3":[9,4],"4":[9,4],"5":[0,9],"6":[0,9],"7":[4,5],"8":[0,4],"9":[4,0],"10":[4,0],"11":[0,0],"12":[0,0],"13":[0,0],"14":[0,0],"15":[4,0],"16":[1,8],"17":[9,1],"18":[0,1]},"meta":{"lastBranch":19,"lastFunction":15,"lastStatement":27,"seen":{"s:10:6:167:Infinity":0,"f:10:6:10:21":0,"s:11:33:11:53":1,"s:12:22:12:51":2,"s:13:13:13:38":3,"s:14:21:14:53":4,"s:15:28:15:67":5,"s:16:38:16:79":6,"s:17:8:17:32":7,"s:19:8:22:Infinity":8,"f:19:8:19:29":1,"s:20:4:20:Infinity":9,"s:21:4:21:Infinity":10,"s:22:4:22:Infinity":11,"s:25:8:26:Infinity":12,"f:25:8:25:26":2,"s:26:4:26:Infinity":13,"s:29:2:167:Infinity":14,"f:33:45:33:60":3,"s:33:60:33:80":15,"b:42:11:42:68:42:72:42:Infinity":0,"f:42:24:42:29":4,"s:42:34:42:67":16,"b:43:11:43:69:43:73:43:Infinity":1,"f:43:24:43:29":5,"s:43:34:43:68":17,"b:44:11:44:73:44:77:44:Infinity":2,"f:44:24:44:29":6,"s:44:34:44:72":18,"b:45:11:45:30:45:30:45:Infinity":3,"b:46:11:46:30:46:30:46:Infinity":4,"b:54:34:54:59:54:59:54:Infinity":5,"b:56:28:56:49:56:48:56:Infinity":6,"b:66:14:113:Infinity:115:14:119:Infinity":7,"b:68:71:68:86:68:86:68:Infinity":8,"f:70:18:70:33":7,"s:70:33:70:73":19,"b:73:19:73:Infinity:74:20:76:Infinity":9,"b:78:19:78:Infinity:79:20:98:Infinity":10,"b:82:24:84:38:84:24:97:Infinity":11,"f:84:50:84:55":8,"s:85:26:97:Infinity":20,"f:87:28:87:43":9,"s:87:43:87:80":21,"b:87:43:87:60:87:60:87:80":12,"b:92:54:92:60:92:60:92:Infinity":13,"b:93:53:93:65:93:65:93:Infinity":14,"b:105:19:105:33:105:33:105:Infinity":15,"f:126:10:126:25":10,"s:126:25:126:51":22,"b:129:24:129:43:129:42:129:Infinity":16,"b:134:7:134:Infinity:135:8:167:Infinity":17,"b:141:12:150:Infinity:152:12:165:Infinity":18,"f:142:36:142:51":11,"s:142:51:142:71":23,"f:153:32:153:47":12,"s:153:47:153:67":24,"f:157:32:157:47":13,"s:157:47:157:67":25,"f:161:35:161:50":14,"s:161:50:161:70":26}}}
,"C:\\Users\\HP\\FREELENCERHUB\\frontend\\src\\components\\PaymentModal.jsx": {"path":"C:\\Users\\HP\\FREELENCERHUB\\frontend\\src\\components\\PaymentModal.jsx","statementMap":{"0":{"start":{"line":8,"column":6},"end":{"line":106,"column":null}},"1":{"start":{"line":9,"column":18},"end":{"line":9,"column":47}},"2":{"start":{"line":10,"column":16},"end":{"line":10,"column":42}},"3":{"start":{"line":11,"column":15},"end":{"line":11,"column":45}},"4":{"start":{"line":15,"column":29},"end":{"line":15,"column":null}},"5":{"start":{"line":17,"column":22},"end":{"line":22,"column":null}},"6":{"start":{"line":24,"column":32},"end":{"line":40,"column":null}},"7":{"start":{"line":25,"column":4},"end":{"line":25,"column":null}},"8":{"start":{"line":26,"column":4},"end":{"line":26,"column":null}},"9":{"start":{"line":27,"column":4},"end":{"line":40,"column":null}},"10":{"start":{"line":29,"column":6},"end":{"line":29,"column":null}},"11":{"start":{"line":32,"column":6},"end":{"line":32,"column":null}},"12":{"start":{"line":34,"column":6},"end":{"line":34,"column":null}},"13":{"start":{"line":35,"column":6},"end":{"line":35,"column":null}},"14":{"start":{"line":37,"column":6},"end":{"line":37,"column":null}},"15":{"start":{"line":38,"column":6},"end":{"line":38,"column":null}},"16":{"start":{"line":40,"column":6},"end":{"line":40,"column":null}},"17":{"start":{"line":44,"column":2},"end":{"line":106,"column":null}},"18":{"start":{"line":67,"column":27},"end":{"line":67,"column":45}},"19":{"start":{"line":74,"column":27},"end":{"line":74,"column":42}},"20":{"start":{"line":89,"column":82},"end":{"line":89,"column":104}}},"fnMap":{"0":{"name":"(anonymous_0)","decl":{"start":{"line":8,"column":6},"end":{"line":8,"column":22}},"loc":{"start":{"line":8,"column":60},"end":{"line":106,"column":null}},"line":8},"1":{"name":"(anonymous_1)","decl":{"start":{"line":24,"column":32},"end":{"line":24,"column":44}},"loc":{"start":{"line":24,"column":44},"end":{"line":40,"column":null}},"line":24},"2":{"name":"(anonymous_2)","decl":{"start":{"line":67,"column":12},"end":{"line":67,"column":27}},"loc":{"start":{"line":67,"column":27},"end":{"line":67,"column":45}},"line":67},"3":{"name":"(anonymous_3)","decl":{"start":{"line":74,"column":12},"end":{"line":74,"column":27}},"loc":{"start":{"line":74,"column":27},"end":{"line":74,"column":42}},"line":74},"4":{"name":"(anonymous_4)","decl":{"start":{"line":89,"column":66},"end":{"line":89,"column":82}},"loc":{"start":{"line":89,"column":82},"end":{"line":89,"column":104}},"line":89}},"branchMap":{"0":{"loc":{"start":{"line":65,"column":30},"end":{"line":65,"column":null}},"type":"cond-expr","locations":[{"start":{"line":65,"column":51},"end":{"line":65,"column":67}},{"start":{"line":65,"column":67},"end":{"line":65,"column":null}}],"line":65},"1":{"loc":{"start":{"line":72,"column":30},"end":{"line":72,"column":null}},"type":"cond-expr","locations":[{"start":{"line":72,"column":48},"end":{"line":72,"column":64}},{"start":{"line":72,"column":64},"end":{"line":72,"column":null}}],"line":72},"2":{"loc":{"start":{"line":80,"column":9},"end":{"line":90,"column":null}},"type":"cond-expr","locations":[{"start":{"line":81,"column":10},"end":{"line":88,"column":11}},{"start":{"line":88,"column":10},"end":{"line":90,"column":null}}],"line":80},"3":{"loc":{"start":{"line":95,"column":9},"end":{"line":95,"column":null}},"type":"binary-expr","locations":[{"start":{"line":95,"column":9},"end":{"line":95,"column":18}},{"start":{"line":95,"column":18},"end":{"line":95,"column":null}}],"line":95},"4":{"loc":{"start":{"line":103,"column":11},"end":{"line":103,"column":null}},"type":"cond-expr","locations":[{"start":{"line":103,"column":21},"end":{"line":103,"column":39}},{"start":{"line":103,"column":39},"end":{"line":103,"column":null}}],"line":103}},"s":{"0":2,"1":10,"2":10,"3":10,"4":10,"5":10,"6":10,"7":2,"8":2,"9":2,"10":2,"11":1,"12":1,"13":1,"14":1,"15":1,"16":2,"17":10,"18":1,"19":1,"20":0},"f":{"0":10,"1":2,"2":1,"3":1,"4":0},"b":{"0":[9,1],"1":[1,9],"2":[9,1],"3":[10,1],"4":[2,8]},"meta":{"lastBranch":5,"lastFunction":5,"lastStatement":21,"seen":{"s:8:6:106:Infinity":0,"f:8:6:8:22":0,"s:9:18:9:47":1,"s:10:16:10:42":2,"s:11:15:11:45":3,"s:15:29:15:Infinity":4,"s:17:22:22:Infinity":5,"s:24:32:40:Infinity":6,"f:24:32:24:44":1,"s:25:4:25:Infinity":7,"s:26:4:26:Infinity":8,"s:27:4:40:Infinity":9,"s:29:6:29:Infinity":10,"s:32:6:32:Infinity":11,"s:34:6:34:Infinity":12,"s:35:6:35:Infinity":13,"s:37:6:37:Infinity":14,"s:38:6:38:Infinity":15,"s:40:6:40:Infinity":16,"s:44:2:106:Infinity":17,"b:65:51:65:67:65:67:65:Infinity":0,"f:67:12:67:27":2,"s:67:27:67:45":18,"b:72:48:72:64:72:64:72:Infinity":1,"f:74:12:74:27":3,"s:74:27:74:42":19,"b:81:10:88:11:88:10:90:Infinity":2,"f:89:66:89:82":4,"s:89:82:89:104":20,"b:95:9:95:18:95:18:95:Infinity":3,"b:103:21:103:39:103:39:103:Infinity":4}}}
,"C:\\Users\\HP\\FREELENCERHUB\\frontend\\src\\components\\common\\AvailabilityBadge.jsx": {"path":"C:\\Users\\HP\\FREELENCERHUB\\frontend\\src\\components\\common\\AvailabilityBadge.jsx","statementMap":{"0":{"start":{"line":5,"column":6},"end":{"line":38,"column":null}},"1":{"start":{"line":6,"column":10},"end":{"line":6,"column":32}},"2":{"start":{"line":8,"column":8},"end":{"line":17,"column":null}},"3":{"start":{"line":9,"column":4},"end":{"line":17,"column":null}},"4":{"start":{"line":11,"column":8},"end":{"line":11,"column":null}},"5":{"start":{"line":13,"column":8},"end":{"line":13,"column":null}},"6":{"start":{"line":15,"column":8},"end":{"line":15,"column":null}},"7":{"start":{"line":17,"column":8},"end":{"line":17,"column":null}},"8":{"start":{"line":21,"column":15},"end":{"line":21,"column":30}},"9":{"start":{"line":23,"column":2},"end":{"line":38,"column":null}}},"fnMap":{"0":{"name":"(anonymous_0)","decl":{"start":{"line":5,"column":6},"end":{"line":5,"column":27}},"loc":{"start":{"line":5,"column":42},"end":{"line":38,"column":null}},"line":5},"1":{"name":"(anonymous_1)","decl":{"start":{"line":8,"column":8},"end":{"line":8,"column":30}},"loc":{"start":{"line":8,"column":30},"end":{"line":17,"column":null}},"line":8}},"branchMap":{"0":{"loc":{"start":{"line":9,"column":4},"end":{"line":17,"column":null}},"type":"switch","locations":[{"start":{"line":10,"column":6},"end":{"line":11,"column":null}},{"start":{"line":12,"column":6},"end":{"line":13,"column":null}},{"start":{"line":14,"column":6},"end":{"line":15,"column":null}},{"start":{"line":16,"column":6},"end":{"line":17,"column":null}}],"line":9}},"s":{"0":3,"1":8,"2":8,"3":8,"4":1,"5":1,"6":1,"7":5,"8":8,"9":8},"f":{"0":8,"1":8},"b":{"0":[1,1,1,5]},"meta":{"lastBranch":1,"lastFunction":2,"lastStatement":10,"seen":{"s:5:6:38:Infinity":0,"f:5:6:5:27":0,"s:6:10:6:32":1,"s:8:8:17:Infinity":2,"f:8:8:8:30":1,"b:10:6:11:Infinity:12:6:13:Infinity:14:6:15:Infinity:16:6:17:Infinity":0,"s:9:4:17:Infinity":3,"s:11:8:11:Infinity":4,"s:13:8:13:Infinity":5,"s:15:8:15:Infinity":6,"s:17:8:17:Infinity":7,"s:21:15:21:30":8,"s:23:2:38:Infinity":9}}}
,"C:\\Users\\HP\\FREELENCERHUB\\frontend\\src\\components\\common\\DeadlineTimer.jsx": {"path":"C:\\Users\\HP\\FREELENCERHUB\\frontend\\src\\components\\common\\DeadlineTimer.jsx","statementMap":{"0":{"start":{"line":6,"column":6},"end":{"line":37,"column":null}},"1":{"start":{"line":7,"column":10},"end":{"line":7,"column":32}},"2":{"start":{"line":8,"column":2},"end":{"line":8,"column":null}},"3":{"start":{"line":8,"column":17},"end":{"line":8,"column":null}},"4":{"start":{"line":10,"column":15},"end":{"line":10,"column":33}},"5":{"start":{"line":11,"column":8},"end":{"line":11,"column":32}},"6":{"start":{"line":12,"column":8},"end":{"line":12,"column":53}},"7":{"start":{"line":14,"column":8},"end":{"line":17,"column":null}},"8":{"start":{"line":15,"column":4},"end":{"line":15,"column":null}},"9":{"start":{"line":15,"column":19},"end":{"line":15,"column":null}},"10":{"start":{"line":16,"column":4},"end":{"line":16,"column":null}},"11":{"start":{"line":16,"column":23},"end":{"line":16,"column":null}},"12":{"start":{"line":17,"column":4},"end":{"line":17,"column":null}},"13":{"start":{"line":20,"column":2},"end":{"line":37,"column":null}}},"fnMap":{"0":{"name":"(anonymous_0)","decl":{"start":{"line":6,"column":6},"end":{"line":6,"column":23}},"loc":{"start":{"line":6,"column":40},"end":{"line":37,"column":null}},"line":6},"1":{"name":"(anonymous_1)","decl":{"start":{"line":14,"column":8},"end":{"line":14,"column":31}},"loc":{"start":{"line":14,"column":31},"end":{"line":17,"column":null}},"line":14}},"branchMap":{"0":{"loc":{"start":{"line":8,"column":2},"end":{"line":8,"column":null}},"type":"if","locations":[{"start":{"line":8,"column":2},"end":{"line":8,"column":null}},{"start":{},"end":{}}],"line":8},"1":{"loc":{"start":{"line":15,"column":4},"end":{"line":15,"column":null}},"type":"if","locations":[{"start":{"line":15,"column":4},"end":{"line":15,"column":null}},{"start":{},"end":{}}],"line":15},"2":{"loc":{"start":{"line":16,"column":4},"end":{"line":16,"column":null}},"type":"if","locations":[{"start":{"line":16,"column":4},"end":{"line":16,"column":null}},{"start":{},"end":{}}],"line":16},"3":{"loc":{"start":{"line":31,"column":9},"end":{"line":35,"column":49}},"type":"cond-expr","locations":[{"start":{"line":32,"column":12},"end":{"line":32,"column":null}},{"start":{"line":33,"column":12},"end":{"line":35,"column":49}}],"line":31},"4":{"loc":{"start":{"line":33,"column":12},"end":{"line":35,"column":49}},"type":"cond-expr","locations":[{"start":{"line":34,"column":14},"end":{"line":34,"column":null}},{"start":{"line":35,"column":14},"end":{"line":35,"column":49}}],"line":33}},"s":{"0":3,"1":5,"2":5,"3":1,"4":4,"5":4,"6":4,"7":4,"8":4,"9":1,"10":3,"11":2,"12":1,"13":4},"f":{"0":5,"1":4},"b":{"0":[1,4],"1":[1,3],"2":[2,1],"3":[1,3],"4":[1,2]},"meta":{"lastBranch":5,"lastFunction":2,"lastStatement":14,"seen":{"s:6:6:37:Infinity":0,"f:6:6:6:23":0,"s:7:10:7:32":1,"b:8:2:8:Infinity:undefined:undefined:undefined:undefined":0,"s:8:2:8:Infinity":2,"s:8:17:8:Infinity":3,"s:10:15:10:33":4,"s:11:8:11:32":5,"s:12:8:12:53":6,"s:14:8:17:Infinity":7,"f:14:8:14:31":1,"b:15:4:15:Infinity:undefined:undefined:undefined:undefined":1,"s:15:4:15:Infinity":8,"s:15:19:15:Infinity":9,"b:16:4:16:Infinity:undefined:undefined:undefined:undefined":2,"s:16:4:16:Infinity":10,"s:16:23:16:Infinity":11,"s:17:4:17:Infinity":12,"s:20:2:37:Infinity":13,"b:32:12:32:Infinity:33:12:35:49":3,"b:34:14:34:Infinity:35:14:35:49":4}}}
,"C:\\Users\\HP\\FREELENCERHUB\\frontend\\src\\components\\common\\FileUploader.jsx": {"path":"C:\\Users\\HP\\FREELENCERHUB\\frontend\\src\\components\\common\\FileUploader.jsx","statementMap":{"0":{"start":{"line":6,"column":6},"end":{"line":102,"column":null}},"1":{"start":{"line":7,"column":10},"end":{"line":7,"column":32}},"2":{"start":{"line":8,"column":16},"end":{"line":8,"column":40}},"3":{"start":{"line":10,"column":8},"end":{"line":14,"column":33}},"4":{"start":{"line":11,"column":21},"end":{"line":11,"column":null}},"5":{"start":{"line":12,"column":4},"end":{"line":12,"column":null}},"6":{"start":{"line":13,"column":4},"end":{"line":13,"column":null}},"7":{"start":{"line":13,"column":18},"end":{"line":13,"column":null}},"8":{"start":{"line":16,"column":39},"end":{"line":20,"column":4}},"9":{"start":{"line":22,"column":8},"end":{"line":26,"column":null}},"10":{"start":{"line":23,"column":21},"end":{"line":23,"column":31}},"11":{"start":{"line":24,"column":4},"end":{"line":24,"column":null}},"12":{"start":{"line":25,"column":4},"end":{"line":25,"column":null}},"13":{"start":{"line":26,"column":4},"end":{"line":26,"column":null}},"14":{"start":{"line":26,"column":18},"end":{"line":26,"column":null}},"15":{"start":{"line":29,"column":2},"end":{"line":102,"column":null}},"16":{"start":{"line":73,"column":12},"end":{"line":100,"column":null}},"17":{"start":{"line":93,"column":36},"end":{"line":93,"column":57}},"18":{"start":{"line":93,"column":57},"end":{"line":93,"column":null}}},"fnMap":{"0":{"name":"(anonymous_0)","decl":{"start":{"line":6,"column":6},"end":{"line":6,"column":22}},"loc":{"start":{"line":6,"column":70},"end":{"line":102,"column":null}},"line":6},"1":{"name":"(anonymous_1)","decl":{"start":{"line":10,"column":17},"end":{"line":10,"column":30}},"loc":{"start":{"line":10,"column":48},"end":{"line":14,"column":6}},"line":10},"2":{"name":"(anonymous_2)","decl":{"start":{"line":22,"column":8},"end":{"line":22,"column":22}},"loc":{"start":{"line":22,"column":32},"end":{"line":26,"column":null}},"line":22},"3":{"name":"(anonymous_3)","decl":{"start":{"line":72,"column":17},"end":{"line":72,"column":22}},"loc":{"start":{"line":73,"column":12},"end":{"line":100,"column":null}},"line":73},"4":{"name":"(anonymous_4)","decl":{"start":{"line":93,"column":18},"end":{"line":93,"column":28}},"loc":{"start":{"line":93,"column":34},"end":{"line":93,"column":null}},"line":93}},"branchMap":{"0":{"loc":{"start":{"line":6,"column":34},"end":{"line":6,"column":52}},"type":"default-arg","locations":[{"start":{"line":6,"column":45},"end":{"line":6,"column":52}}],"line":6},"1":{"loc":{"start":{"line":6,"column":52},"end":{"line":6,"column":63}},"type":"default-arg","locations":[{"start":{"line":6,"column":61},"end":{"line":6,"column":63}}],"line":6},"2":{"loc":{"start":{"line":11,"column":21},"end":{"line":11,"column":null}},"type":"cond-expr","locations":[{"start":{"line":11,"column":32},"end":{"line":11,"column":60}},{"start":{"line":11,"column":63},"end":{"line":11,"column":null}}],"line":11},"3":{"loc":{"start":{"line":13,"column":4},"end":{"line":13,"column":null}},"type":"if","locations":[{"start":{"line":13,"column":4},"end":{"line":13,"column":null}},{"start":{},"end":{}}],"line":13},"4":{"loc":{"start":{"line":26,"column":4},"end":{"line":26,"column":null}},"type":"if","locations":[{"start":{"line":26,"column":4},"end":{"line":26,"column":null}},{"start":{},"end":{}}],"line":26},"5":{"loc":{"start":{"line":33,"column":43},"end":{"line":33,"column":null}},"type":"cond-expr","locations":[{"start":{"line":33,"column":58},"end":{"line":33,"column":69}},{"start":{"line":33,"column":69},"end":{"line":33,"column":null}}],"line":33},"6":{"loc":{"start":{"line":41,"column":22},"end":{"line":41,"column":null}},"type":"cond-expr","locations":[{"start":{"line":41,"column":37},"end":{"line":41,"column":66}},{"start":{"line":41,"column":66},"end":{"line":41,"column":null}}],"line":41},"7":{"loc":{"start":{"line":42,"column":23},"end":{"line":42,"column":null}},"type":"cond-expr","locations":[{"start":{"line":42,"column":38},"end":{"line":42,"column":63}},{"start":{"line":42,"column":63},"end":{"line":42,"column":null}}],"line":42},"8":{"loc":{"start":{"line":62,"column":13},"end":{"line":62,"column":null}},"type":"cond-expr","locations":[{"start":{"line":62,"column":28},"end":{"line":62,"column":46}},{"start":{"line":62,"column":46},"end":{"line":62,"column":null}}],"line":62},"9":{"loc":{"start":{"line":70,"column":7},"end":{"line":102,"column":null}},"type":"binary-expr","locations":[{"start":{"line":70,"column":7},"end":{"line":70,"column":null}},{"start":{"line":71,"column":8},"end":{"line":102,"column":null}}],"line":70}},"s":{"0":2,"1":16,"2":16,"3":16,"4":7,"5":7,"6":7,"7":6,"8":16,"9":16,"10":2,"11":2,"12":2,"13":2,"14":1,"15":16,"16":10,"17":2,"18":2},"f":{"0":16,"1":7,"2":2,"3":10,"4":2},"b":{"0":[16],"1":[16],"2":[3,4],"3":[6,1],"4":[1,1],"5":[0,16],"6":[0,16],"7":[0,16],"8":[0,16],"9":[16,8]},"meta":{"lastBranch":10,"lastFunction":5,"lastStatement":19,"seen":{"s:6:6:102:Infinity":0,"f:6:6:6:22":0,"b:6:45:6:52":0,"b:6:61:6:63":1,"s:7:10:7:32":1,"s:8:16:8:40":2,"s:10:8:14:33":3,"f:10:17:10:30":1,"s:11:21:11:Infinity":4,"b:11:32:11:60:11:63:11:Infinity":2,"s:12:4:12:Infinity":5,"b:13:4:13:Infinity:undefined:undefined:undefined:undefined":3,"s:13:4:13:Infinity":6,"s:13:18:13:Infinity":7,"s:16:39:20:4":8,"s:22:8:26:Infinity":9,"f:22:8:22:22":2,"s:23:21:23:31":10,"s:24:4:24:Infinity":11,"s:25:4:25:Infinity":12,"b:26:4:26:Infinity:undefined:undefined:undefined:undefined":4,"s:26:4:26:Infinity":13,"s:26:18:26:Infinity":14,"s:29:2:102:Infinity":15,"b:33:58:33:69:33:69:33:Infinity":5,"b:41:37:41:66:41:66:41:Infinity":6,"b:42:38:42:63:42:63:42:Infinity":7,"b:62:28:62:46:62:46:62:Infinity":8,"b:70:7:70:Infinity:71:8:102:Infinity":9,"f:72:17:72:22":3,"s:73:12:100:Infinity":16,"f:93:18:93:28":4,"s:93:36:93:57":17,"s:93:57:93:Infinity":18}}}
,"C:\\Users\\HP\\FREELENCERHUB\\frontend\\src\\components\\common\\OnlineStatus.jsx": {"path":"C:\\Users\\HP\\FREELENCERHUB\\frontend\\src\\components\\common\\OnlineStatus.jsx","statementMap":{"0":{"start":{"line":3,"column":6},"end":{"line":21,"column":null}},"1":{"start":{"line":4,"column":2},"end":{"line":21,"column":null}}},"fnMap":{"0":{"name":"(anonymous_0)","decl":{"start":{"line":3,"column":6},"end":{"line":3,"column":22}},"loc":{"start":{"line":3,"column":39},"end":{"line":21,"column":null}},"line":3}},"branchMap":{"0":{"loc":{"start":{"line":16,"column":20},"end":{"line":16,"column":null}},"type":"cond-expr","locations":[{"start":{"line":16,"column":31},"end":{"line":16,"column":43}},{"start":{"line":16,"column":43},"end":{"line":16,"column":null}}],"line":16},"1":{"loc":{"start":{"line":17,"column":19},"end":{"line":17,"column":null}},"type":"cond-expr","locations":[{"start":{"line":17,"column":30},"end":{"line":17,"column":66}},{"start":{"line":17,"column":66},"end":{"line":17,"column":null}}],"line":17},"2":{"loc":{"start":{"line":19,"column":28},"end":{"line":19,"column":76}},"type":"cond-expr","locations":[{"start":{"line":19,"column":39},"end":{"line":19,"column":51}},{"start":{"line":19,"column":51},"end":{"line":19,"column":76}}],"line":19},"3":{"loc":{"start":{"line":20,"column":9},"end":{"line":20,"column":null}},"type":"cond-expr","locations":[{"start":{"line":20,"column":20},"end":{"line":20,"column":31}},{"start":{"line":20,"column":31},"end":{"line":20,"column":null}}],"line":20}},"s":{"0":3,"1":7},"f":{"0":7},"b":{"0":[3,4],"1":[3,4],"2":[3,4],"3":[3,4]},"meta":{"lastBranch":4,"lastFunction":1,"lastStatement":2,"seen":{"s:3:6:21:Infinity":0,"f:3:6:3:22":0,"s:4:2:21:Infinity":1,"b:16:31:16:43:16:43:16:Infinity":0,"b:17:30:17:66:17:66:17:Infinity":1,"b:19:39:19:51:19:51:19:76":2,"b:20:20:20:31:20:31:20:Infinity":3}}}
,"C:\\Users\\HP\\FREELENCERHUB\\frontend\\src\\components\\common\\PaymentScanner.jsx": {"path":"C:\\Users\\HP\\FREELENCERHUB\\frontend\\src\\components\\common\\PaymentScanner.jsx","statementMap":{"0":{"start":{"line":4,"column":6},"end":{"line":117,"column":null}},"1":{"start":{"line":5,"column":19},"end":{"line":5,"column":48}},"2":{"start":{"line":6,"column":19},"end":{"line":6,"column":45}},"3":{"start":{"line":8,"column":2},"end":{"line":23,"column":null}},"4":{"start":{"line":9,"column":4},"end":{"line":21,"column":null}},"5":{"start":{"line":10,"column":23},"end":{"line":20,"column":13}},"6":{"start":{"line":11,"column":8},"end":{"line":19,"column":null}},"7":{"start":{"line":12,"column":10},"end":{"line":16,"column":null}},"8":{"start":{"line":13,"column":12},"end":{"line":13,"column":null}},"9":{"start":{"line":14,"column":12},"end":{"line":14,"column":null}},"10":{"start":{"line":15,"column":12},"end":{"line":15,"column":null}},"11":{"start":{"line":15,"column":29},"end":{"line":15,"column":44}},"12":{"start":{"line":16,"column":12},"end":{"line":16,"column":null}},"13":{"start":{"line":18,"column":10},"end":{"line":18,"column":null}},"14":{"start":{"line":21,"column":6},"end":{"line":21,"column":null}},"15":{"start":{"line":21,"column":19},"end":{"line":21,"column":42}},"16":{"start":{"line":25,"column":2},"end":{"line":117,"column":null}}},"fnMap":{"0":{"name":"(anonymous_0)","decl":{"start":{"line":4,"column":6},"end":{"line":4,"column":24}},"loc":{"start":{"line":4,"column":56},"end":{"line":117,"column":null}},"line":4},"1":{"name":"(anonymous_1)","decl":{"start":{"line":8,"column":2},"end":{"line":8,"column":18}},"loc":{"start":{"line":8,"column":18},"end":{"line":23,"column":6}},"line":8},"2":{"name":"(anonymous_2)","decl":{"start":{"line":10,"column":23},"end":{"line":10,"column":41}},"loc":{"start":{"line":10,"column":41},"end":{"line":20,"column":13}},"line":10},"3":{"name":"(anonymous_3)","decl":{"start":{"line":11,"column":8},"end":{"line":11,"column":20}},"loc":{"start":{"line":11,"column":28},"end":{"line":19,"column":null}},"line":11},"4":{"name":"(anonymous_4)","decl":{"start":{"line":15,"column":12},"end":{"line":15,"column":29}},"loc":{"start":{"line":15,"column":29},"end":{"line":15,"column":44}},"line":15},"5":{"name":"(anonymous_5)","decl":{"start":{"line":21,"column":6},"end":{"line":21,"column":19}},"loc":{"start":{"line":21,"column":19},"end":{"line":21,"column":42}},"line":21}},"branchMap":{"0":{"loc":{"start":{"line":9,"column":4},"end":{"line":21,"column":null}},"type":"if","locations":[{"start":{"line":9,"column":4},"end":{"line":21,"column":null}},{"start":{},"end":{}}],"line":9},"1":{"loc":{"start":{"line":12,"column":10},"end":{"line":16,"column":null}},"type":"if","locations":[{"start":{"line":12,"column":10},"end":{"line":16,"column":null}},{"start":{},"end":{}}],"line":12},"2":{"loc":{"start":{"line":50,"column":9},"end":{"line":61,"column":null}},"type":"binary-expr","locations":[{"start":{"line":50,"column":9},"end":{"line":50,"column":null}},{"start":{"line":51,"column":10},"end":{"line":61,"column":null}}],"line":50},"3":{"loc":{"start":{"line":77,"column":11},"end":{"line":80,"column":null}},"type":"binary-expr","locations":[{"start":{"line":77,"column":11},"end":{"line":77,"column":null}},{"start":{"line":78,"column":12},"end":{"line":80,"column":null}}],"line":77},"4":{"loc":{"start":{"line":92,"column":11},"end":{"line":98,"column":null}},"type":"cond-expr","locations":[{"start":{"line":93,"column":12},"end":{"line":98,"column":13}},{"start":{"line":98,"column":12},"end":{"line":98,"column":null}}],"line":92}},"s":{"0":2,"1":23,"2":23,"3":23,"4":2,"5":1,"6":21,"7":21,"8":1,"9":1,"10":1,"11":1,"12":1,"13":20,"14":1,"15":1,"16":23},"f":{"0":23,"1":2,"2":21,"3":21,"4":1,"5":1},"b":{"0":[1,1],"1":[1,20],"2":[23,22],"3":[23,1],"4":[22,1]},"meta":{"lastBranch":5,"lastFunction":6,"lastStatement":17,"seen":{"s:4:6:117:Infinity":0,"f:4:6:4:24":0,"s:5:19:5:48":1,"s:6:19:6:45":2,"s:8:2:23:Infinity":3,"f:8:2:8:18":1,"b:9:4:21:Infinity:undefined:undefined:undefined:undefined":0,"s:9:4:21:Infinity":4,"s:10:23:20:13":5,"f:10:23:10:41":2,"s:11:8:19:Infinity":6,"f:11:8:11:20":3,"b:12:10:16:Infinity:undefined:undefined:undefined:undefined":1,"s:12:10:16:Infinity":7,"s:13:12:13:Infinity":8,"s:14:12:14:Infinity":9,"s:15:12:15:Infinity":10,"f:15:12:15:29":4,"s:15:29:15:44":11,"s:16:12:16:Infinity":12,"s:18:10:18:Infinity":13,"s:21:6:21:Infinity":14,"f:21:6:21:19":5,"s:21:19:21:42":15,"s:25:2:117:Infinity":16,"b:50:9:50:Infinity:51:10:61:Infinity":2,"b:77:11:77:Infinity:78:12:80:Infinity":3,"b:93:12:98:13:98:12:98:Infinity":4}}}
,"C:\\Users\\HP\\FREELENCERHUB\\frontend\\src\\components\\common\\SkillBar.jsx": {"path":"C:\\Users\\HP\\FREELENCERHUB\\frontend\\src\\components\\common\\SkillBar.jsx","statementMap":{"0":{"start":{"line":3,"column":6},"end":{"line":30,"column":null}},"1":{"start":{"line":4,"column":2},"end":{"line":30,"column":null}}},"fnMap":{"0":{"name":"(anonymous_0)","decl":{"start":{"line":3,"column":6},"end":{"line":3,"column":18}},"loc":{"start":{"line":3,"column":63},"end":{"line":30,"column":null}},"line":3}},"branchMap":{"0":{"loc":{"start":{"line":3,"column":39},"end":{"line":3,"column":63}},"type":"default-arg","locations":[{"start":{"line":3,"column":47},"end":{"line":3,"column":63}}],"line":3}},"s":{"0":1,"1":8},"f":{"0":8},"b":{"0":[8]},"meta":{"lastBranch":1,"lastFunction":1,"lastStatement":2,"seen":{"s:3:6:30:Infinity":0,"f:3:6:3:18":0,"b:3:47:3:63":0,"s:4:2:30:Infinity":1}}}
,"C:\\Users\\HP\\FREELENCERHUB\\frontend\\src\\components\\common\\Toast.css": {"path":"C:\\Users\\HP\\FREELENCERHUB\\frontend\\src\\components\\common\\Toast.css","statementMap":{},"fnMap":{},"branchMap":{},"s":{},"f":{},"b":{},"meta":{"lastBranch":0,"lastFunction":0,"lastStatement":0,"seen":{}}}
,"C:\\Users\\HP\\FREELENCERHUB\\frontend\\src\\components\\common\\Toast.jsx": {"path":"C:\\Users\\HP\\FREELENCERHUB\\frontend\\src\\components\\common\\Toast.jsx","statementMap":{"0":{"start":{"line":5,"column":6},"end":{"line":33,"column":null}},"1":{"start":{"line":6,"column":23},"end":{"line":6,"column":56}},"2":{"start":{"line":7,"column":15},"end":{"line":7,"column":41}},"3":{"start":{"line":9,"column":2},"end":{"line":18,"column":null}},"4":{"start":{"line":10,"column":10},"end":{"line":13,"column":null}},"5":{"start":{"line":11,"column":6},"end":{"line":11,"column":null}},"6":{"start":{"line":12,"column":6},"end":{"line":12,"column":null}},"7":{"start":{"line":13,"column":6},"end":{"line":13,"column":null}},"8":{"start":{"line":13,"column":23},"end":{"line":13,"column":37}},"9":{"start":{"line":16,"column":4},"end":{"line":16,"column":null}},"10":{"start":{"line":17,"column":4},"end":{"line":17,"column":null}},"11":{"start":{"line":17,"column":17},"end":{"line":17,"column":86}},"12":{"start":{"line":20,"column":2},"end":{"line":20,"column":null}},"13":{"start":{"line":20,"column":21},"end":{"line":20,"column":null}},"14":{"start":{"line":22,"column":2},"end":{"line":33,"column":null}},"15":{"start":{"line":31,"column":53},"end":{"line":31,"column":67}}},"fnMap":{"0":{"name":"(anonymous_0)","decl":{"start":{"line":5,"column":6},"end":{"line":5,"column":20}},"loc":{"start":{"line":5,"column":20},"end":{"line":33,"column":null}},"line":5},"1":{"name":"(anonymous_1)","decl":{"start":{"line":9,"column":2},"end":{"line":9,"column":18}},"loc":{"start":{"line":9,"column":18},"end":{"line":18,"column":7}},"line":9},"2":{"name":"(anonymous_2)","decl":{"start":{"line":10,"column":10},"end":{"line":10,"column":35}},"loc":{"start":{"line":10,"column":41},"end":{"line":13,"column":null}},"line":10},"3":{"name":"(anonymous_3)","decl":{"start":{"line":13,"column":6},"end":{"line":13,"column":23}},"loc":{"start":{"line":13,"column":23},"end":{"line":13,"column":37}},"line":13},"4":{"name":"(anonymous_4)","decl":{"start":{"line":17,"column":4},"end":{"line":17,"column":17}},"loc":{"start":{"line":17,"column":17},"end":{"line":17,"column":86}},"line":17},"5":{"name":"(anonymous_5)","decl":{"start":{"line":31,"column":38},"end":{"line":31,"column":53}},"loc":{"start":{"line":31,"column":53},"end":{"line":31,"column":67}},"line":31}},"branchMap":{"0":{"loc":{"start":{"line":20,"column":2},"end":{"line":20,"column":null}},"type":"if","locations":[{"start":{"line":20,"column":2},"end":{"line":20,"column":null}},{"start":{},"end":{}}],"line":20},"1":{"loc":{"start":{"line":23,"column":54},"end":{"line":23,"column":null}},"type":"cond-expr","locations":[{"start":{"line":23,"column":61},"end":{"line":23,"column":70}},{"start":{"line":23,"column":70},"end":{"line":23,"column":null}}],"line":23}},"s":{"0":2,"1":9,"2":9,"3":9,"4":5,"5":2,"6":2,"7":2,"8":1,"9":5,"10":5,"11":5,"12":9,"13":5,"14":4,"15":1},"f":{"0":9,"1":5,"2":2,"3":1,"4":5,"5":1},"b":{"0":[5,4],"1":[2,2]},"meta":{"lastBranch":2,"lastFunction":6,"lastStatement":16,"seen":{"s:5:6:33:Infinity":0,"f:5:6:5:20":0,"s:6:23:6:56":1,"s:7:15:7:41":2,"s:9:2:18:Infinity":3,"f:9:2:9:18":1,"s:10:10:13:Infinity":4,"f:10:10:10:35":2,"s:11:6:11:Infinity":5,"s:12:6:12:Infinity":6,"s:13:6:13:Infinity":7,"f:13:6:13:23":3,"s:13:23:13:37":8,"s:16:4:16:Infinity":9,"s:17:4:17:Infinity":10,"f:17:4:17:17":4,"s:17:17:17:86":11,"b:20:2:20:Infinity:undefined:undefined:undefined:undefined":0,"s:20:2:20:Infinity":12,"s:20:21:20:Infinity":13,"s:22:2:33:Infinity":14,"b:23:61:23:70:23:70:23:Infinity":1,"f:31:38:31:53":5,"s:31:53:31:67":15}}}
,"C:\\Users\\HP\\FREELENCERHUB\\frontend\\src\\components\\common\\TrustScore.jsx": {"path":"C:\\Users\\HP\\FREELENCERHUB\\frontend\\src\\components\\common\\TrustScore.jsx","statementMap":{"0":{"start":{"line":5,"column":6},"end":{"line":30,"column":null}},"1":{"start":{"line":6,"column":10},"end":{"line":6,"column":32}},"2":{"start":{"line":8,"column":8},"end":{"line":11,"column":null}},"3":{"start":{"line":9,"column":4},"end":{"line":9,"column":null}},"4":{"start":{"line":9,"column":21},"end":{"line":9,"column":null}},"5":{"start":{"line":10,"column":4},"end":{"line":10,"column":null}},"6":{"start":{"line":10,"column":21},"end":{"line":10,"column":null}},"7":{"start":{"line":11,"column":4},"end":{"line":11,"column":null}},"8":{"start":{"line":14,"column":17},"end":{"line":14,"column":28}},"9":{"start":{"line":16,"column":2},"end":{"line":30,"column":null}}},"fnMap":{"0":{"name":"(anonymous_0)","decl":{"start":{"line":5,"column":6},"end":{"line":5,"column":20}},"loc":{"start":{"line":5,"column":34},"end":{"line":30,"column":null}},"line":5},"1":{"name":"(anonymous_1)","decl":{"start":{"line":8,"column":8},"end":{"line":8,"column":26}},"loc":{"start":{"line":8,"column":26},"end":{"line":11,"column":null}},"line":8}},"branchMap":{"0":{"loc":{"start":{"line":9,"column":4},"end":{"line":9,"column":null}},"type":"if","locations":[{"start":{"line":9,"column":4},"end":{"line":9,"column":null}},{"start":{},"end":{}}],"line":9},"1":{"loc":{"start":{"line":10,"column":4},"end":{"line":10,"column":null}},"type":"if","locations":[{"start":{"line":10,"column":4},"end":{"line":10,"column":null}},{"start":{},"end":{}}],"line":10}},"s":{"0":5,"1":12,"2":12,"3":12,"4":6,"5":6,"6":6,"7":1,"8":12,"9":12},"f":{"0":12,"1":12},"b":{"0":[6,6],"1":[5,1]},"meta":{"lastBranch":2,"lastFunction":2,"lastStatement":10,"seen":{"s:5:6:30:Infinity":0,"f:5:6:5:20":0,"s:6:10:6:32":1,"s:8:8:11:Infinity":2,"f:8:8:8:26":1,"b:9:4:9:Infinity:undefined:undefined:undefined:undefined":0,"s:9:4:9:Infinity":3,"s:9:21:9:Infinity":4,"b:10:4:10:Infinity:undefined:undefined:undefined:undefined":1,"s:10:4:10:Infinity":5,"s:10:21:10:Infinity":6,"s:11:4:11:Infinity":7,"s:14:17:14:28":8,"s:16:2:30:Infinity":9}}}
,"C:\\Users\\HP\\FREELENCERHUB\\frontend\\src\\components\\dashboards\\AdminDashboard.jsx": {"path":"C:\\Users\\HP\\FREELENCERHUB\\frontend\\src\\components\\dashboards\\AdminDashboard.jsx","statementMap":{"0":{"start":{"line":9,"column":6},"end":{"line":102,"column":null}},"1":{"start":{"line":10,"column":10},"end":{"line":10,"column":28}},"2":{"start":{"line":11,"column":10},"end":{"line":11,"column":32}},"3":{"start":{"line":12,"column":16},"end":{"line":12,"column":40}},"4":{"start":{"line":13,"column":18},"end":{"line":13,"column":46}},"5":{"start":{"line":15,"column":2},"end":{"line":27,"column":null}},"6":{"start":{"line":16,"column":23},"end":{"line":23,"column":null}},"7":{"start":{"line":17,"column":6},"end":{"line":23,"column":null}},"8":{"start":{"line":18,"column":21},"end":{"line":18,"column":52}},"9":{"start":{"line":19,"column":8},"end":{"line":19,"column":null}},"10":{"start":{"line":21,"column":8},"end":{"line":21,"column":null}},"11":{"start":{"line":23,"column":8},"end":{"line":23,"column":null}},"12":{"start":{"line":26,"column":4},"end":{"line":26,"column":null}},"13":{"start":{"line":29,"column":27},"end":{"line":35,"column":null}},"14":{"start":{"line":30,"column":4},"end":{"line":35,"column":null}},"15":{"start":{"line":31,"column":6},"end":{"line":35,"column":null}},"16":{"start":{"line":32,"column":8},"end":{"line":32,"column":null}},"17":{"start":{"line":33,"column":8},"end":{"line":33,"column":null}},"18":{"start":{"line":33,"column":35},"end":{"line":33,"column":47}},"19":{"start":{"line":35,"column":8},"end":{"line":35,"column":null}},"20":{"start":{"line":40,"column":2},"end":{"line":102,"column":null}},"21":{"start":{"line":84,"column":16},"end":{"line":93,"column":null}},"22":{"start":{"line":90,"column":75},"end":{"line":90,"column":97}}},"fnMap":{"0":{"name":"(anonymous_0)","decl":{"start":{"line":9,"column":6},"end":{"line":9,"column":29}},"loc":{"start":{"line":9,"column":29},"end":{"line":102,"column":null}},"line":9},"1":{"name":"(anonymous_1)","decl":{"start":{"line":15,"column":2},"end":{"line":15,"column":18}},"loc":{"start":{"line":15,"column":18},"end":{"line":27,"column":7}},"line":15},"2":{"name":"(anonymous_2)","decl":{"start":{"line":16,"column":23},"end":{"line":16,"column":35}},"loc":{"start":{"line":16,"column":35},"end":{"line":23,"column":null}},"line":16},"3":{"name":"(anonymous_3)","decl":{"start":{"line":29,"column":27},"end":{"line":29,"column":34}},"loc":{"start":{"line":29,"column":41},"end":{"line":35,"column":null}},"line":29},"4":{"name":"(anonymous_4)","decl":{"start":{"line":33,"column":23},"end":{"line":33,"column":30}},"loc":{"start":{"line":33,"column":35},"end":{"line":33,"column":47}},"line":33},"5":{"name":"(anonymous_5)","decl":{"start":{"line":83,"column":21},"end":{"line":83,"column":25}},"loc":{"start":{"line":84,"column":16},"end":{"line":93,"column":null}},"line":84},"6":{"name":"(anonymous_6)","decl":{"start":{"line":90,"column":60},"end":{"line":90,"column":75}},"loc":{"start":{"line":90,"column":75},"end":{"line":90,"column":97}},"line":90}},"branchMap":{"0":{"loc":{"start":{"line":30,"column":4},"end":{"line":35,"column":null}},"type":"if","locations":[{"start":{"line":30,"column":4},"end":{"line":35,"column":null}},{"start":{},"end":{}}],"line":30}},"s":{"0":1,"1":2,"2":2,"3":2,"4":2,"5":2,"6":1,"7":1,"8":1,"9":1,"10":0,"11":1,"12":1,"13":2,"14":0,"15":0,"16":0,"17":0,"18":0,"19":0,"20":2,"21":2,"22":0},"f":{"0":2,"1":1,"2":1,"3":0,"4":0,"5":2,"6":0},"b":{"0":[0,0]},"meta":{"lastBranch":1,"lastFunction":7,"lastStatement":23,"seen":{"s:9:6:102:Infinity":0,"f:9:6:9:29":0,"s:10:10:10:28":1,"s:11:10:11:32":2,"s:12:16:12:40":3,"s:13:18:13:46":4,"s:15:2:27:Infinity":5,"f:15:2:15:18":1,"s:16:23:23:Infinity":6,"f:16:23:16:35":2,"s:17:6:23:Infinity":7,"s:18:21:18:52":8,"s:19:8:19:Infinity":9,"s:21:8:21:Infinity":10,"s:23:8:23:Infinity":11,"s:26:4:26:Infinity":12,"s:29:27:35:Infinity":13,"f:29:27:29:34":3,"b:30:4:35:Infinity:undefined:undefined:undefined:undefined":0,"s:30:4:35:Infinity":14,"s:31:6:35:Infinity":15,"s:32:8:32:Infinity":16,"s:33:8:33:Infinity":17,"f:33:23:33:30":4,"s:33:35:33:47":18,"s:35:8:35:Infinity":19,"s:40:2:102:Infinity":20,"f:83:21:83:25":5,"s:84:16:93:Infinity":21,"f:90:60:90:75":6,"s:90:75:90:97":22}}}
,"C:\\Users\\HP\\FREELENCERHUB\\frontend\\src\\components\\dashboards\\ClientDashboard.jsx": {"path":"C:\\Users\\HP\\FREELENCERHUB\\frontend\\src\\components\\dashboards\\ClientDashboard.jsx","statementMap":{"0":{"start":{"line":11,"column":6},"end":{"line":176,"column":null}},"1":{"start":{"line":12,"column":10},"end":{"line":12,"column":28}},"2":{"start":{"line":13,"column":10},"end":{"line":13,"column":32}},"3":{"start":{"line":14,"column":19},"end":{"line":14,"column":46}},"4":{"start":{"line":15,"column":22},"end":{"line":15,"column":51}},"5":{"start":{"line":16,"column":21},"end":{"line":16,"column":49}},"6":{"start":{"line":17,"column":18},"end":{"line":17,"column":46}},"7":{"start":{"line":18,"column":19},"end":{"line":18,"column":49}},"8":{"start":{"line":19,"column":19},"end":{"line":19,"column":86}},"9":{"start":{"line":20,"column":28},"end":{"line":20,"column":66}},"10":{"start":{"line":22,"column":20},"end":{"line":38,"column":null}},"11":{"start":{"line":23,"column":4},"end":{"line":38,"column":null}},"12":{"start":{"line":24,"column":20},"end":{"line":24,"column":69}},"13":{"start":{"line":25,"column":6},"end":{"line":25,"column":null}},"14":{"start":{"line":27,"column":20},"end":{"line":27,"column":69}},"15":{"start":{"line":28,"column":6},"end":{"line":28,"column":null}},"16":{"start":{"line":30,"column":25},"end":{"line":30,"column":45}},"17":{"start":{"line":30,"column":40},"end":{"line":30,"column":45}},"18":{"start":{"line":31,"column":6},"end":{"line":33,"column":null}},"19":{"start":{"line":32,"column":22},"end":{"line":32,"column":71}},"20":{"start":{"line":33,"column":8},"end":{"line":33,"column":null}},"21":{"start":{"line":36,"column":6},"end":{"line":36,"column":null}},"22":{"start":{"line":38,"column":6},"end":{"line":38,"column":null}},"23":{"start":{"line":42,"column":2},"end":{"line":44,"column":null}},"24":{"start":{"line":43,"column":4},"end":{"line":43,"column":null}},"25":{"start":{"line":46,"column":30},"end":{"line":59,"column":null}},"26":{"start":{"line":47,"column":4},"end":{"line":47,"column":null}},"27":{"start":{"line":48,"column":4},"end":{"line":59,"column":null}},"28":{"start":{"line":49,"column":25},"end":{"line":54,"column":8}},"29":{"start":{"line":55,"column":6},"end":{"line":55,"column":null}},"30":{"start":{"line":56,"column":6},"end":{"line":56,"column":null}},"31":{"start":{"line":57,"column":6},"end":{"line":57,"column":null}},"32":{"start":{"line":59,"column":6},"end":{"line":59,"column":null}},"33":{"start":{"line":63,"column":30},"end":{"line":69,"column":null}},"34":{"start":{"line":64,"column":4},"end":{"line":69,"column":null}},"35":{"start":{"line":65,"column":6},"end":{"line":69,"column":null}},"36":{"start":{"line":66,"column":8},"end":{"line":66,"column":null}},"37":{"start":{"line":67,"column":8},"end":{"line":67,"column":null}},"38":{"start":{"line":67,"column":41},"end":{"line":67,"column":52}},"39":{"start":{"line":69,"column":8},"end":{"line":69,"column":null}},"40":{"start":{"line":74,"column":2},"end":{"line":176,"column":null}},"41":{"start":{"line":80,"column":61},"end":{"line":80,"column":83}},"42":{"start":{"line":107,"column":59},"end":{"line":107,"column":108}},"43":{"start":{"line":111,"column":74},"end":{"line":111,"column":124}},"44":{"start":{"line":115,"column":68},"end":{"line":115,"column":123}},"45":{"start":{"line":118,"column":81},"end":{"line":118,"column":99}},"46":{"start":{"line":132,"column":12},"end":{"line":163,"column":null}},"47":{"start":{"line":152,"column":35},"end":{"line":152,"column":58}},"48":{"start":{"line":159,"column":76},"end":{"line":159,"column":101}},"49":{"start":{"line":171,"column":25},"end":{"line":171,"column":51}},"50":{"start":{"line":173,"column":12},"end":{"line":173,"column":null}},"51":{"start":{"line":174,"column":12},"end":{"line":174,"column":null}}},"fnMap":{"0":{"name":"(anonymous_0)","decl":{"start":{"line":11,"column":6},"end":{"line":11,"column":30}},"loc":{"start":{"line":11,"column":30},"end":{"line":176,"column":null}},"line":11},"1":{"name":"(anonymous_1)","decl":{"start":{"line":22,"column":20},"end":{"line":22,"column":32}},"loc":{"start":{"line":22,"column":32},"end":{"line":38,"column":null}},"line":22},"2":{"name":"(anonymous_2)","decl":{"start":{"line":30,"column":31},"end":{"line":30,"column":35}},"loc":{"start":{"line":30,"column":40},"end":{"line":30,"column":45}},"line":30},"3":{"name":"(anonymous_3)","decl":{"start":{"line":42,"column":2},"end":{"line":42,"column":18}},"loc":{"start":{"line":42,"column":18},"end":{"line":44,"column":6}},"line":42},"4":{"name":"(anonymous_4)","decl":{"start":{"line":46,"column":30},"end":{"line":46,"column":37}},"loc":{"start":{"line":46,"column":43},"end":{"line":59,"column":null}},"line":46},"5":{"name":"(anonymous_5)","decl":{"start":{"line":63,"column":30},"end":{"line":63,"column":37}},"loc":{"start":{"line":63,"column":44},"end":{"line":69,"column":null}},"line":63},"6":{"name":"(anonymous_6)","decl":{"start":{"line":67,"column":29},"end":{"line":67,"column":36}},"loc":{"start":{"line":67,"column":41},"end":{"line":67,"column":52}},"line":67},"7":{"name":"(anonymous_7)","decl":{"start":{"line":80,"column":46},"end":{"line":80,"column":61}},"loc":{"start":{"line":80,"column":61},"end":{"line":80,"column":83}},"line":80},"8":{"name":"(anonymous_8)","decl":{"start":{"line":107,"column":44},"end":{"line":107,"column":54}},"loc":{"start":{"line":107,"column":59},"end":{"line":107,"column":108}},"line":107},"9":{"name":"(anonymous_9)","decl":{"start":{"line":111,"column":59},"end":{"line":111,"column":69}},"loc":{"start":{"line":111,"column":74},"end":{"line":111,"column":124}},"line":111},"10":{"name":"(anonymous_10)","decl":{"start":{"line":115,"column":53},"end":{"line":115,"column":63}},"loc":{"start":{"line":115,"column":68},"end":{"line":115,"column":123}},"line":115},"11":{"name":"(anonymous_11)","decl":{"start":{"line":118,"column":66},"end":{"line":118,"column":81}},"loc":{"start":{"line":118,"column":81},"end":{"line":118,"column":99}},"line":118},"12":{"name":"(anonymous_12)","decl":{"start":{"line":131,"column":20},"end":{"line":131,"column":24}},"loc":{"start":{"line":132,"column":12},"end":{"line":163,"column":null}},"line":132},"13":{"name":"(anonymous_13)","decl":{"start":{"line":152,"column":20},"end":{"line":152,"column":35}},"loc":{"start":{"line":152,"column":35},"end":{"line":152,"column":58}},"line":152},"14":{"name":"(anonymous_14)","decl":{"start":{"line":159,"column":61},"end":{"line":159,"column":76}},"loc":{"start":{"line":159,"column":76},"end":{"line":159,"column":101}},"line":159},"15":{"name":"(anonymous_15)","decl":{"start":{"line":171,"column":10},"end":{"line":171,"column":25}},"loc":{"start":{"line":171,"column":25},"end":{"line":171,"column":51}},"line":171},"16":{"name":"(anonymous_16)","decl":{"start":{"line":172,"column":10},"end":{"line":172,"column":29}},"loc":{"start":{"line":172,"column":29},"end":{"line":174,"column":null}},"line":172}},"branchMap":{"0":{"loc":{"start":{"line":31,"column":6},"end":{"line":33,"column":null}},"type":"if","locations":[{"start":{"line":31,"column":6},"end":{"line":33,"column":null}},{"start":{},"end":{}}],"line":31},"1":{"loc":{"start":{"line":64,"column":4},"end":{"line":69,"column":null}},"type":"if","locations":[{"start":{"line":64,"column":4},"end":{"line":69,"column":null}},{"start":{},"end":{}}],"line":64},"2":{"loc":{"start":{"line":101,"column":7},"end":{"line":119,"column":null}},"type":"binary-expr","locations":[{"start":{"line":101,"column":7},"end":{"line":101,"column":null}},{"start":{"line":102,"column":8},"end":{"line":119,"column":null}}],"line":101},"3":{"loc":{"start":{"line":137,"column":19},"end":{"line":143,"column":null}},"type":"binary-expr","locations":[{"start":{"line":137,"column":19},"end":{"line":137,"column":null}},{"start":{"line":138,"column":20},"end":{"line":143,"column":null}}],"line":137},"4":{"loc":{"start":{"line":148,"column":17},"end":{"line":159,"column":17}},"type":"cond-expr","locations":[{"start":{"line":149,"column":18},"end":{"line":157,"column":19}},{"start":{"line":157,"column":18},"end":{"line":159,"column":17}}],"line":148},"5":{"loc":{"start":{"line":168,"column":7},"end":{"line":176,"column":null}},"type":"binary-expr","locations":[{"start":{"line":168,"column":7},"end":{"line":168,"column":null}},{"start":{"line":169,"column":8},"end":{"line":176,"column":null}}],"line":168}},"s":{"0":1,"1":9,"2":9,"3":9,"4":9,"5":9,"6":9,"7":9,"8":9,"9":9,"10":9,"11":2,"12":2,"13":2,"14":2,"15":2,"16":2,"17":4,"18":2,"19":2,"20":2,"21":0,"22":2,"23":9,"24":2,"25":9,"26":1,"27":1,"28":1,"29":1,"30":1,"31":1,"32":0,"33":9,"34":0,"35":0,"36":0,"37":0,"38":0,"39":0,"40":9,"41":1,"42":1,"43":1,"44":1,"45":0,"46":15,"47":0,"48":0,"49":0,"50":0,"51":0},"f":{"0":9,"1":2,"2":4,"3":2,"4":1,"5":0,"6":0,"7":1,"8":1,"9":1,"10":1,"11":0,"12":15,"13":0,"14":0,"15":0,"16":0},"b":{"0":[2,0],"1":[0,0],"2":[9,4],"3":[15,14],"4":[8,7],"5":[9,0]},"meta":{"lastBranch":6,"lastFunction":17,"lastStatement":52,"seen":{"s:11:6:176:Infinity":0,"f:11:6:11:30":0,"s:12:10:12:28":1,"s:13:10:13:32":2,"s:14:19:14:46":3,"s:15:22:15:51":4,"s:16:21:16:49":5,"s:17:18:17:46":6,"s:18:19:18:49":7,"s:19:19:19:86":8,"s:20:28:20:66":9,"s:22:20:38:Infinity":10,"f:22:20:22:32":1,"s:23:4:38:Infinity":11,"s:24:20:24:69":12,"s:25:6:25:Infinity":13,"s:27:20:27:69":14,"s:28:6:28:Infinity":15,"s:30:25:30:45":16,"f:30:31:30:35":2,"s:30:40:30:45":17,"b:31:6:33:Infinity:undefined:undefined:undefined:undefined":0,"s:31:6:33:Infinity":18,"s:32:22:32:71":19,"s:33:8:33:Infinity":20,"s:36:6:36:Infinity":21,"s:38:6:38:Infinity":22,"s:42:2:44:Infinity":23,"f:42:2:42:18":3,"s:43:4:43:Infinity":24,"s:46:30:59:Infinity":25,"f:46:30:46:37":4,"s:47:4:47:Infinity":26,"s:48:4:59:Infinity":27,"s:49:25:54:8":28,"s:55:6:55:Infinity":29,"s:56:6:56:Infinity":30,"s:57:6:57:Infinity":31,"s:59:6:59:Infinity":32,"s:63:30:69:Infinity":33,"f:63:30:63:37":5,"b:64:4:69:Infinity:undefined:undefined:undefined:undefined":1,"s:64:4:69:Infinity":34,"s:65:6:69:Infinity":35,"s:66:8:66:Infinity":36,"s:67:8:67:Infinity":37,"f:67:29:67:36":6,"s:67:41:67:52":38,"s:69:8:69:Infinity":39,"s:74:2:176:Infinity":40,"f:80:46:80:61":7,"s:80:61:80:83":41,"b:101:7:101:Infinity:102:8:119:Infinity":2,"f:107:44:107:54":8,"s:107:59:107:108":42,"f:111:59:111:69":9,"s:111:74:111:124":43,"f:115:53:115:63":10,"s:115:68:115:123":44,"f:118:66:118:81":11,"s:118:81:118:99":45,"f:131:20:131:24":12,"s:132:12:163:Infinity":46,"b:137:19:137:Infinity:138:20:143:Infinity":3,"b:149:18:157:19:157:18:159:17":4,"f:152:20:152:35":13,"s:152:35:152:58":47,"f:159:61:159:76":14,"s:159:76:159:101":48,"b:168:7:168:Infinity:169:8:176:Infinity":5,"f:171:10:171:25":15,"s:171:25:171:51":49,"f:172:10:172:29":16,"s:173:12:173:Infinity":50,"s:174:12:174:Infinity":51}}}
,"C:\\Users\\HP\\FREELENCERHUB\\frontend\\src\\components\\dashboards\\FraudAlerts.jsx": {"path":"C:\\Users\\HP\\FREELENCERHUB\\frontend\\src\\components\\dashboards\\FraudAlerts.jsx","statementMap":{"0":{"start":{"line":6,"column":6},"end":{"line":155,"column":null}},"1":{"start":{"line":7,"column":17},"end":{"line":7,"column":42}},"2":{"start":{"line":8,"column":18},"end":{"line":8,"column":46}},"3":{"start":{"line":10,"column":2},"end":{"line":83,"column":null}},"4":{"start":{"line":11,"column":23},"end":{"line":79,"column":null}},"5":{"start":{"line":12,"column":6},"end":{"line":79,"column":null}},"6":{"start":{"line":13,"column":26},"end":{"line":13,"column":57}},"7":{"start":{"line":14,"column":33},"end":{"line":14,"column":70}},"8":{"start":{"line":15,"column":29},"end":{"line":15,"column":null}},"9":{"start":{"line":17,"column":29},"end":{"line":17,"column":31}},"10":{"start":{"line":20,"column":8},"end":{"line":46,"column":null}},"11":{"start":{"line":21,"column":10},"end":{"line":46,"column":null}},"12":{"start":{"line":22,"column":12},"end":{"line":31,"column":null}},"13":{"start":{"line":23,"column":14},"end":{"line":31,"column":null}},"14":{"start":{"line":35,"column":12},"end":{"line":44,"column":null}},"15":{"start":{"line":36,"column":14},"end":{"line":44,"column":null}},"16":{"start":{"line":50,"column":8},"end":{"line":63,"column":null}},"17":{"start":{"line":51,"column":10},"end":{"line":63,"column":null}},"18":{"start":{"line":52,"column":12},"end":{"line":61,"column":null}},"19":{"start":{"line":53,"column":14},"end":{"line":61,"column":null}},"20":{"start":{"line":67,"column":8},"end":{"line":72,"column":null}},"21":{"start":{"line":68,"column":10},"end":{"line":72,"column":null}},"22":{"start":{"line":75,"column":8},"end":{"line":75,"column":null}},"23":{"start":{"line":77,"column":8},"end":{"line":77,"column":null}},"24":{"start":{"line":79,"column":8},"end":{"line":79,"column":null}},"25":{"start":{"line":82,"column":4},"end":{"line":82,"column":null}},"26":{"start":{"line":85,"column":27},"end":{"line":104,"column":null}},"27":{"start":{"line":86,"column":27},"end":{"line":88,"column":null}},"28":{"start":{"line":90,"column":4},"end":{"line":104,"column":null}},"29":{"start":{"line":91,"column":6},"end":{"line":104,"column":null}},"30":{"start":{"line":92,"column":8},"end":{"line":95,"column":null}},"31":{"start":{"line":93,"column":10},"end":{"line":93,"column":null}},"32":{"start":{"line":94,"column":19},"end":{"line":95,"column":null}},"33":{"start":{"line":95,"column":10},"end":{"line":95,"column":null}},"34":{"start":{"line":99,"column":8},"end":{"line":99,"column":null}},"35":{"start":{"line":99,"column":26},"end":{"line":99,"column":65}},"36":{"start":{"line":99,"column":43},"end":{"line":99,"column":65}},"37":{"start":{"line":100,"column":8},"end":{"line":100,"column":null}},"38":{"start":{"line":102,"column":8},"end":{"line":102,"column":null}},"39":{"start":{"line":103,"column":8},"end":{"line":103,"column":null}},"40":{"start":{"line":104,"column":8},"end":{"line":104,"column":null}},"41":{"start":{"line":104,"column":26},"end":{"line":104,"column":65}},"42":{"start":{"line":104,"column":43},"end":{"line":104,"column":65}},"43":{"start":{"line":109,"column":2},"end":{"line":155,"column":null}},"44":{"start":{"line":124,"column":12},"end":{"line":153,"column":null}},"45":{"start":{"line":148,"column":33},"end":{"line":148,"column":56}}},"fnMap":{"0":{"name":"(anonymous_0)","decl":{"start":{"line":6,"column":6},"end":{"line":6,"column":26}},"loc":{"start":{"line":6,"column":26},"end":{"line":155,"column":null}},"line":6},"1":{"name":"(anonymous_1)","decl":{"start":{"line":10,"column":2},"end":{"line":10,"column":18}},"loc":{"start":{"line":10,"column":18},"end":{"line":83,"column":7}},"line":10},"2":{"name":"(anonymous_2)","decl":{"start":{"line":11,"column":23},"end":{"line":11,"column":35}},"loc":{"start":{"line":11,"column":35},"end":{"line":79,"column":null}},"line":11},"3":{"name":"(anonymous_3)","decl":{"start":{"line":21,"column":20},"end":{"line":21,"column":28}},"loc":{"start":{"line":21,"column":33},"end":{"line":46,"column":null}},"line":21},"4":{"name":"(anonymous_4)","decl":{"start":{"line":51,"column":23},"end":{"line":51,"column":31}},"loc":{"start":{"line":51,"column":36},"end":{"line":63,"column":null}},"line":51},"5":{"name":"(anonymous_5)","decl":{"start":{"line":85,"column":27},"end":{"line":85,"column":34}},"loc":{"start":{"line":85,"column":48},"end":{"line":104,"column":null}},"line":85},"6":{"name":"(anonymous_6)","decl":{"start":{"line":99,"column":8},"end":{"line":99,"column":18}},"loc":{"start":{"line":99,"column":26},"end":{"line":99,"column":65}},"line":99},"7":{"name":"(anonymous_7)","decl":{"start":{"line":99,"column":31},"end":{"line":99,"column":38}},"loc":{"start":{"line":99,"column":43},"end":{"line":99,"column":65}},"line":99},"8":{"name":"(anonymous_8)","decl":{"start":{"line":104,"column":8},"end":{"line":104,"column":18}},"loc":{"start":{"line":104,"column":26},"end":{"line":104,"column":65}},"line":104},"9":{"name":"(anonymous_9)","decl":{"start":{"line":104,"column":31},"end":{"line":104,"column":38}},"loc":{"start":{"line":104,"column":43},"end":{"line":104,"column":65}},"line":104},"10":{"name":"(anonymous_10)","decl":{"start":{"line":123,"column":18},"end":{"line":123,"column":22}},"loc":{"start":{"line":124,"column":12},"end":{"line":153,"column":null}},"line":124},"11":{"name":"(anonymous_11)","decl":{"start":{"line":148,"column":18},"end":{"line":148,"column":33}},"loc":{"start":{"line":148,"column":33},"end":{"line":148,"column":56}},"line":148}},"branchMap":{"0":{"loc":{"start":{"line":15,"column":29},"end":{"line":15,"column":null}},"type":"binary-expr","locations":[{"start":{"line":15,"column":29},"end":{"line":15,"column":57}},{"start":{"line":15,"column":57},"end":{"line":15,"column":null}}],"line":15},"1":{"loc":{"start":{"line":20,"column":8},"end":{"line":46,"column":null}},"type":"if","locations":[{"start":{"line":20,"column":8},"end":{"line":46,"column":null}},{"start":{},"end":{}}],"line":20},"2":{"loc":{"start":{"line":22,"column":12},"end":{"line":31,"column":null}},"type":"if","locations":[{"start":{"line":22,"column":12},"end":{"line":31,"column":null}},{"start":{},"end":{}}],"line":22},"3":{"loc":{"start":{"line":22,"column":16},"end":{"line":22,"column":59}},"type":"binary-expr","locations":[{"start":{"line":22,"column":16},"end":{"line":22,"column":27}},{"start":{"line":22,"column":27},"end":{"line":22,"column":59}}],"line":22},"4":{"loc":{"start":{"line":35,"column":12},"end":{"line":44,"column":null}},"type":"if","locations":[{"start":{"line":35,"column":12},"end":{"line":44,"column":null}},{"start":{},"end":{}}],"line":35},"5":{"loc":{"start":{"line":35,"column":16},"end":{"line":35,"column":51}},"type":"binary-expr","locations":[{"start":{"line":35,"column":16},"end":{"line":35,"column":32}},{"start":{"line":35,"column":32},"end":{"line":35,"column":51}}],"line":35},"6":{"loc":{"start":{"line":41,"column":22},"end":{"line":41,"column":null}},"type":"binary-expr","locations":[{"start":{"line":41,"column":22},"end":{"line":41,"column":32}},{"start":{"line":41,"column":32},"end":{"line":41,"column":null}}],"line":41},"7":{"loc":{"start":{"line":50,"column":8},"end":{"line":63,"column":null}},"type":"if","locations":[{"start":{"line":50,"column":8},"end":{"line":63,"column":null}},{"start":{},"end":{}}],"line":50},"8":{"loc":{"start":{"line":52,"column":12},"end":{"line":61,"column":null}},"type":"if","locations":[{"start":{"line":52,"column":12},"end":{"line":61,"column":null}},{"start":{},"end":{}}],"line":52},"9":{"loc":{"start":{"line":67,"column":8},"end":{"line":72,"column":null}},"type":"if","locations":[{"start":{"line":67,"column":8},"end":{"line":72,"column":null}},{"start":{},"end":{}}],"line":67},"10":{"loc":{"start":{"line":86,"column":27},"end":{"line":88,"column":null}},"type":"cond-expr","locations":[{"start":{"line":87,"column":8},"end":{"line":87,"column":null}},{"start":{"line":88,"column":8},"end":{"line":88,"column":null}}],"line":86},"11":{"loc":{"start":{"line":90,"column":4},"end":{"line":104,"column":null}},"type":"if","locations":[{"start":{"line":90,"column":4},"end":{"line":104,"column":null}},{"start":{},"end":{}}],"line":90},"12":{"loc":{"start":{"line":92,"column":8},"end":{"line":95,"column":null}},"type":"if","locations":[{"start":{"line":92,"column":8},"end":{"line":95,"column":null}},{"start":{"line":94,"column":19},"end":{"line":95,"column":null}}],"line":92},"13":{"loc":{"start":{"line":94,"column":19},"end":{"line":95,"column":null}},"type":"if","locations":[{"start":{"line":94,"column":19},"end":{"line":95,"column":null}},{"start":{},"end":{}}],"line":94},"14":{"loc":{"start":{"line":116,"column":7},"end":{"line":155,"column":null}},"type":"cond-expr","locations":[{"start":{"line":117,"column":8},"end":{"line":122,"column":9}},{"start":{"line":122,"column":8},"end":{"line":155,"column":null}}],"line":116},"15":{"loc":{"start":{"line":131,"column":39},"end":{"line":131,"column":null}},"type":"cond-expr","locations":[{"start":{"line":131,"column":67}
[...]
:{"start":{"line":10,"column":6},"end":{"line":10,"column":null}},"6":{"start":{"line":15,"column":4},"end":{"line":20,"column":null}},"7":{"start":{"line":16,"column":23},"end":{"line":16,"column":88}},"8":{"start":{"line":17,"column":6},"end":{"line":17,"column":null}},"9":{"start":{"line":19,"column":6},"end":{"line":19,"column":null}},"10":{"start":{"line":20,"column":6},"end":{"line":20,"column":null}},"11":{"start":{"line":25,"column":4},"end":{"line":30,"column":null}},"12":{"start":{"line":26,"column":23},"end":{"line":26,"column":53}},"13":{"start":{"line":27,"column":6},"end":{"line":27,"column":null}},"14":{"start":{"line":29,"column":6},"end":{"line":29,"column":null}},"15":{"start":{"line":30,"column":6},"end":{"line":30,"column":null}},"16":{"start":{"line":35,"column":21},"end":{"line":35,"column":71}},"17":{"start":{"line":36,"column":4},"end":{"line":36,"column":null}},"18":{"start":{"line":40,"column":21},"end":{"line":40,"column":71}},"19":{"start":{"line":41,"column":4},"end":{"line":41,"column":null}},"20":{"start":{"line":45,"column":21},"end":{"line":45,"column":88}},"21":{"start":{"line":46,"column":4},"end":{"line":46,"column":null}}},"fnMap":{"0":{"name":"(anonymous_0)","decl":{"start":{"line":4,"column":9},"end":{"line":4,"column":16}},"loc":{"start":{"line":4,"column":36},"end":{"line":10,"column":null}},"line":4},"1":{"name":"(anonymous_1)","decl":{"start":{"line":14,"column":12},"end":{"line":14,"column":19}},"loc":{"start":{"line":14,"column":55},"end":{"line":20,"column":null}},"line":14},"2":{"name":"(anonymous_2)","decl":{"start":{"line":24,"column":14},"end":{"line":24,"column":26}},"loc":{"start":{"line":24,"column":26},"end":{"line":30,"column":null}},"line":24},"3":{"name":"(anonymous_3)","decl":{"start":{"line":34,"column":18},"end":{"line":34,"column":25}},"loc":{"start":{"line":34,"column":35},"end":{"line":36,"column":null}},"line":34},"4":{"name":"(anonymous_4)","decl":{"start":{"line":39,"column":13},"end":{"line":39,"column":20}},"loc":{"start":{"line":39,"column":35},"end":{"line":41,"column":null}},"line":39},"5":{"name":"(anonymous_5)","decl":{"start":{"line":44,"column":17},"end":{"line":44,"column":24}},"loc":{"start":{"line":44,"column":52},"end":{"line":46,"column":null}},"line":44}},"branchMap":{},"s":{"0":3,"1":2,"2":2,"3":1,"4":1,"5":1,"6":2,"7":2,"8":1,"9":1,"10":1,"11":2,"12":2,"13":1,"14":1,"15":1,"16":0,"17":0,"18":0,"19":0,"20":0,"21":0},"f":{"0":2,"1":2,"2":2,"3":0,"4":0,"5":0},"b":{},"meta":{"lastBranch":0,"lastFunction":6,"lastStatement":22,"seen":{"s:3:20:48:Infinity":0,"f:4:9:4:16":0,"s:5:4:10:Infinity":1,"s:6:23:6:73":2,"s:7:6:7:Infinity":3,"s:9:6:9:Infinity":4,"s:10:6:10:Infinity":5,"f:14:12:14:19":1,"s:15:4:20:Infinity":6,"s:16:23:16:88":7,"s:17:6:17:Infinity":8,"s:19:6:19:Infinity":9,"s:20:6:20:Infinity":10,"f:24:14:24:26":2,"s:25:4:30:Infinity":11,"s:26:23:26:53":12,"s:27:6:27:Infinity":13,"s:29:6:29:Infinity":14,"s:30:6:30:Infinity":15,"f:34:18:34:25":3,"s:35:21:35:71":16,"s:36:4:36:Infinity":17,"f:39:13:39:20":4,"s:40:21:40:71":18,"s:41:4:41:Infinity":19,"f:44:17:44:24":5,"s:45:21:45:88":20,"s:46:4:46:Infinity":21}}}
,"C:\\Users\\HP\\FREELENCERHUB\\frontend\\src\\services\\notificationService.js": {"path":"C:\\Users\\HP\\FREELENCERHUB\\frontend\\src\\services\\notificationService.js","statementMap":{"0":{"start":{"line":3,"column":28},"end":{"line":53,"column":null}},"1":{"start":{"line":5,"column":4},"end":{"line":10,"column":null}},"2":{"start":{"line":6,"column":23},"end":{"line":6,"column":54}},"3":{"start":{"line":7,"column":6},"end":{"line":7,"column":null}},"4":{"start":{"line":9,"column":6},"end":{"line":9,"column":null}},"5":{"start":{"line":10,"column":6},"end":{"line":10,"column":null}},"6":{"start":{"line":15,"column":4},"end":{"line":20,"column":null}},"7":{"start":{"line":16,"column":23},"end":{"line":16,"column":69}},"8":{"start":{"line":17,"column":6},"end":{"line":17,"column":null}},"9":{"start":{"line":19,"column":6},"end":{"line":19,"column":null}},"10":{"start":{"line":20,"column":6},"end":{"line":20,"column":null}},"11":{"start":{"line":25,"column":4},"end":{"line":30,"column":null}},"12":{"start":{"line":26,"column":23},"end":{"line":26,"column":73}},"13":{"start":{"line":27,"column":6},"end":{"line":27,"column":null}},"14":{"start":{"line":29,"column":6},"end":{"line":29,"column":null}},"15":{"start":{"line":30,"column":6},"end":{"line":30,"column":null}},"16":{"start":{"line":35,"column":4},"end":{"line":40,"column":null}},"17":{"start":{"line":36,"column":23},"end":{"line":36,"column":101}},"18":{"start":{"line":37,"column":6},"end":{"line":37,"column":null}},"19":{"start":{"line":39,"column":6},"end":{"line":39,"column":null}},"20":{"start":{"line":40,"column":6},"end":{"line":40,"column":null}},"21":{"start":{"line":45,"column":4},"end":{"line":50,"column":null}},"22":{"start":{"line":46,"column":23},"end":{"line":46,"column":65}},"23":{"start":{"line":47,"column":6},"end":{"line":47,"column":null}},"24":{"start":{"line":49,"column":6},"end":{"line":49,"column":null}},"25":{"start":{"line":50,"column":6},"end":{"line":50,"column":null}}},"fnMap":{"0":{"name":"(anonymous_0)","decl":{"start":{"line":4,"column":23},"end":{"line":4,"column":35}},"loc":{"start":{"line":4,"column":35},"end":{"line":10,"column":null}},"line":4},"1":{"name":"(anonymous_1)","decl":{"start":{"line":14,"column":26},"end":{"line":14,"column":33}},"loc":{"start":{"line":14,"column":44},"end":{"line":20,"column":null}},"line":14},"2":{"name":"(anonymous_2)","decl":{"start":{"line":24,"column":28},"end":{"line":24,"column":35}},"loc":{"start":{"line":24,"column":48},"end":{"line":30,"column":null}},"line":24},"3":{"name":"(anonymous_3)","decl":{"start":{"line":34,"column":20},"end":{"line":34,"column":27}},"loc":{"start":{"line":34,"column":61},"end":{"line":40,"column":null}},"line":34},"4":{"name":"(anonymous_4)","decl":{"start":{"line":44,"column":14},"end":{"line":44,"column":21}},"loc":{"start":{"line":44,"column":28},"end":{"line":50,"column":null}},"line":44}},"branchMap":{},"s":{"0":5,"1":2,"2":2,"3":1,"4":1,"5":1,"6":2,"7":2,"8":1,"9":1,"10":1,"11":0,"12":0,"13":0,"14":0,"15":0,"16":2,"17":2,"18":1,"19":1,"20":1,"21":0,"22":0,"23":0,"24":0,"25":0},"f":{"0":2,"1":2,"2":0,"3":2,"4":0},"b":{},"meta":{"lastBranch":0,"lastFunction":5,"lastStatement":26,"seen":{"s:3:28:53:Infinity":0,"f:4:23:4:35":0,"s:5:4:10:Infinity":1,"s:6:23:6:54":2,"s:7:6:7:Infinity":3,"s:9:6:9:Infinity":4,"s:10:6:10:Infinity":5,"f:14:26:14:33":1,"s:15:4:20:Infinity":6,"s:16:23:16:69":7,"s:17:6:17:Infinity":8,"s:19:6:19:Infinity":9,"s:20:6:20:Infinity":10,"f:24:28:24:35":2,"s:25:4:30:Infinity":11,"s:26:23:26:73":12,"s:27:6:27:Infinity":13,"s:29:6:29:Infinity":14,"s:30:6:30:Infinity":15,"f:34:20:34:27":3,"s:35:4:40:Infinity":16,"s:36:23:36:101":17,"s:37:6:37:Infinity":18,"s:39:6:39:Infinity":19,"s:40:6:40:Infinity":20,"f:44:14:44:21":4,"s:45:4:50:Infinity":21,"s:46:23:46:65":22,"s:47:6:47:Infinity":23,"s:49:6:49:Infinity":24,"s:50:6:50:Infinity":25}}}
,"C:\\Users\\HP\\FREELENCERHUB\\frontend\\src\\services\\paymentService.js": {"path":"C:\\Users\\HP\\FREELENCERHUB\\frontend\\src\\services\\paymentService.js","statementMap":{"0":{"start":{"line":3,"column":23},"end":{"line":53,"column":null}},"1":{"start":{"line":5,"column":4},"end":{"line":10,"column":null}},"2":{"start":{"line":6,"column":23},"end":{"line":6,"column":49}},"3":{"start":{"line":7,"column":6},"end":{"line":7,"column":null}},"4":{"start":{"line":9,"column":6},"end":{"line":9,"column":null}},"5":{"start":{"line":10,"column":6},"end":{"line":10,"column":null}},"6":{"start":{"line":15,"column":4},"end":{"line":20,"column":null}},"7":{"start":{"line":16,"column":23},"end":{"line":16,"column":63}},"8":{"start":{"line":17,"column":6},"end":{"line":17,"column":null}},"9":{"start":{"line":19,"column":6},"end":{"line":19,"column":null}},"10":{"start":{"line":20,"column":6},"end":{"line":20,"column":null}},"11":{"start":{"line":25,"column":4},"end":{"line":30,"column":null}},"12":{"start":{"line":26,"column":23},"end":{"line":26,"column":82}},"13":{"start":{"line":27,"column":6},"end":{"line":27,"column":null}},"14":{"start":{"line":29,"column":6},"end":{"line":29,"column":null}},"15":{"start":{"line":30,"column":6},"end":{"line":30,"column":null}},"16":{"start":{"line":35,"column":4},"end":{"line":40,"column":null}},"17":{"start":{"line":36,"column":23},"end":{"line":36,"column":77}},"18":{"start":{"line":37,"column":6},"end":{"line":37,"column":null}},"19":{"start":{"line":39,"column":6},"end":{"line":39,"column":null}},"20":{"start":{"line":40,"column":6},"end":{"line":40,"column":null}},"21":{"start":{"line":45,"column":4},"end":{"line":50,"column":null}},"22":{"start":{"line":46,"column":23},"end":{"line":46,"column":71}},"23":{"start":{"line":47,"column":6},"end":{"line":47,"column":null}},"24":{"start":{"line":49,"column":6},"end":{"line":49,"column":null}},"25":{"start":{"line":50,"column":6},"end":{"line":50,"column":null}}},"fnMap":{"0":{"name":"(anonymous_0)","decl":{"start":{"line":4,"column":18},"end":{"line":4,"column":30}},"loc":{"start":{"line":4,"column":30},"end":{"line":10,"column":null}},"line":4},"1":{"name":"(anonymous_1)","decl":{"start":{"line":14,"column":18},"end":{"line":14,"column":25}},"loc":{"start":{"line":14,"column":41},"end":{"line":20,"column":null}},"line":14},"2":{"name":"(anonymous_2)","decl":{"start":{"line":24,"column":25},"end":{"line":24,"column":32}},"loc":{"start":{"line":24,"column":49},"end":{"line":30,"column":null}},"line":24},"3":{"name":"(anonymous_3)","decl":{"start":{"line":34,"column":20},"end":{"line":34,"column":27}},"loc":{"start":{"line":34,"column":42},"end":{"line":40,"column":null}},"line":34},"4":{"name":"(anonymous_4)","decl":{"start":{"line":44,"column":18},"end":{"line":44,"column":25}},"loc":{"start":{"line":44,"column":39},"end":{"line":50,"column":null}},"line":44}},"branchMap":{},"s":{"0":2,"1":2,"2":2,"3":1,"4":1,"5":1,"6":2,"7":2,"8":1,"9":1,"10":1,"11":0,"12":0,"13":0,"14":0,"15":0,"16":0,"17":0,"18":0,"19":0,"20":0,"21":0,"22":0,"23":0,"24":0,"25":0},"f":{"0":2,"1":2,"2":0,"3":0,"4":0},"b":{},"meta":{"lastBranch":0,"lastFunction":5,"lastStatement":26,"seen":{"s:3:23:53:Infinity":0,"f:4:18:4:30":0,"s:5:4:10:Infinity":1,"s:6:23:6:49":2,"s:7:6:7:Infinity":3,"s:9:6:9:Infinity":4,"s:10:6:10:Infinity":5,"f:14:18:14:25":1,"s:15:4:20:Infinity":6,"s:16:23:16:63":7,"s:17:6:17:Infinity":8,"s:19:6:19:Infinity":9,"s:20:6:20:Infinity":10,"f:24:25:24:32":2,"s:25:4:30:Infinity":11,"s:26:23:26:82":12,"s:27:6:27:Infinity":13,"s:29:6:29:Infinity":14,"s:30:6:30:Infinity":15,"f:34:20:34:27":3,"s:35:4:40:Infinity":16,"s:36:23:36:77":17,"s:37:6:37:Infinity":18,"s:39:6:39:Infinity":19,"s:40:6:40:Infinity":20,"f:44:18:44:25":4,"s:45:4:50:Infinity":21,"s:46:23:46:71":22,"s:47:6:47:Infinity":23,"s:49:6:49:Infinity":24,"s:50:6:50:Infinity":25}}}
,"C:\\Users\\HP\\FREELENCERHUB\\frontend\\src\\services\\projectService.js": {"path":"C:\\Users\\HP\\FREELENCERHUB\\frontend\\src\\services\\projectService.js","statementMap":{"0":{"start":{"line":3,"column":23},"end":{"line":65,"column":null}},"1":{"start":{"line":5,"column":4},"end":{"line":8,"column":null}},"2":{"start":{"line":6,"column":23},"end":{"line":6,"column":49}},"3":{"start":{"line":7,"column":6},"end":{"line":7,"column":null}},"4":{"start":{"line":8,"column":18},"end":{"line":8,"column":36}},"5":{"start":{"line":8,"column":36},"end":{"line":8,"column":null}},"6":{"start":{"line":12,"column":4},"end":{"line":15,"column":null}},"7":{"start":{"line":13,"column":23},"end":{"line":13,"column":55}},"8":{"start":{"line":14,"column":6},"end":{"line":14,"column":null}},"9":{"start":{"line":15,"column":18},"end":{"line":15,"column":36}},"10":{"start":{"line":15,"column":36},"end":{"line":15,"column":null}},"11":{"start":{"line":19,"column":4},"end":{"line":22,"column":null}},"12":{"start":{"line":20,"column":23},"end":{"line":20,"column":68}},"13":{"start":{"line":21,"column":6},"end":{"line":21,"column":null}},"14":{"start":{"line":22,"column":18},"end":{"line":22,"column":36}},"15":{"start":{"line":22,"column":36},"end":{"line":22,"column":null}},"16":{"start":{"line":26,"column":4},"end":{"line":29,"column":null}},"17":{"start":{"line":27,"column":23},"end":{"line":27,"column":63}},"18":{"start":{"line":28,"column":6},"end":{"line":28,"column":null}},"19":{"start":{"line":29,"column":18},"end":{"line":29,"column":36}},"20":{"start":{"line":29,"column":36},"end":{"line":29,"column":null}},"21":{"start":{"line":33,"column":4},"end":{"line":38,"column":null}},"22":{"start":{"line":34,"column":23},"end":{"line":34,"column":81}},"23":{"start":{"line":35,"column":6},"end":{"line":35,"column":null}},"24":{"start":{"line":37,"column":6},"end":{"line":37,"column":null}},"25":{"start":{"line":38,"column":6},"end":{"line":38,"column":null}},"26":{"start":{"line":43,"column":4},"end":{"line":46,"column":null}},"27":{"start":{"line":44,"column":23},"end":{"line":44,"column":64}},"28":{"start":{"line":45,"column":6},"end":{"line":45,"column":null}},"29":{"start":{"line":46,"column":18},"end":{"line":46,"column":36}},"30":{"start":{"line":46,"column":36},"end":{"line":46,"column":null}},"31":{"start":{"line":50,"column":4},"end":{"line":53,"column":null}},"32":{"start":{"line":51,"column":23},"end":{"line":51,"column":58}},"33":{"start":{"line":52,"column":6},"end":{"line":52,"column":null}},"34":{"start":{"line":53,"column":18},"end":{"line":53,"column":36}},"35":{"start":{"line":53,"column":36},"end":{"line":53,"column":null}},"36":{"start":{"line":57,"column":4},"end":{"line":62,"column":null}},"37":{"start":{"line":58,"column":23},"end":{"line":58,"column":89}},"38":{"start":{"line":59,"column":6},"end":{"line":59,"column":null}},"39":{"start":{"line":61,"column":6},"end":{"line":61,"column":null}},"40":{"start":{"line":62,"column":6},"end":{"line":62,"column":null}}},"fnMap":{"0":{"name":"(anonymous_0)","decl":{"start":{"line":4,"column":18},"end":{"line":4,"column":30}},"loc":{"start":{"line":4,"column":30},"end":{"line":8,"column":null}},"line":4},"1":{"name":"(anonymous_1)","decl":{"start":{"line":11,"column":18},"end":{"line":11,"column":25}},"loc":{"start":{"line":11,"column":32},"end":{"line":15,"column":null}},"line":11},"2":{"name":"(anonymous_2)","decl":{"start":{"line":18,"column":23},"end":{"line":18,"column":30}},"loc":{"start":{"line":18,"column":43},"end":{"line":22,"column":null}},"line":18},"3":{"name":"(anonymous_3)","decl":{"start":{"line":25,"column":17},"end":{"line":25,"column":24}},"loc":{"start":{"line":25,"column":40},"end":{"line":29,"column":null}},"line":25},"4":{"name":"(anonymous_4)","decl":{"start":{"line":32,"column":23},"end":{"line":32,"column":30}},"loc":{"start":{"line":32,"column":43},"end":{"line":38,"column":null}},"line":32},"5":{"name":"(anonymous_5)","decl":{"start":{"line":42,"column":19},"end":{"line":42,"column":26}},"loc":{"start":{"line":42,"column":33},"end":{"line":46,"column":null}},"line":42},"6":{"name":"(anonymous_6)","decl":{"start":{"line":49,"column":17},"end":{"line":49,"column":24}},"loc":{"start":{"line":49,"column":31},"end":{"line":53,"column":null}},"line":49},"7":{"name":"(anonymous_7)","decl":{"start":{"line":56,"column":29},"end":{"line":56,"column":36}},"loc":{"start":{"line":56,"column":53},"end":{"line":62,"column":null}},"line":56}},"branchMap":{},"s":{"0":3,"1":2,"2":2,"3":1,"4":1,"5":1,"6":2,"7":2,"8":1,"9":1,"10":1,"11":2,"12":2,"13":1,"14":1,"15":1,"16":2,"17":2,"18":1,"19":1,"20":1,"21":0,"22":0,"23":0,"24":0,"25":0,"26":0,"27":0,"28":0,"29":0,"30":0,"31":0,"32":0,"33":0,"34":0,"35":0,"36":0,"37":0,"38":0,"39":0,"40":0},"f":{"0":2,"1":2,"2":2,"3":2,"4":0,"5":0,"6":0,"7":0},"b":{},"meta":{"lastBranch":0,"lastFunction":8,"lastStatement":41,"seen":{"s:3:23:65:Infinity":0,"f:4:18:4:30":0,"s:5:4:8:Infinity":1,"s:6:23:6:49":2,"s:7:6:7:Infinity":3,"s:8:18:8:36":4,"s:8:36:8:Infinity":5,"f:11:18:11:25":1,"s:12:4:15:Infinity":6,"s:13:23:13:55":7,"s:14:6:14:Infinity":8,"s:15:18:15:36":9,"s:15:36:15:Infinity":10,"f:18:23:18:30":2,"s:19:4:22:Infinity":11,"s:20:23:20:68":12,"s:21:6:21:Infinity":13,"s:22:18:22:36":14,"s:22:36:22:Infinity":15,"f:25:17:25:24":3,"s:26:4:29:Infinity":16,"s:27:23:27:63":17,"s:28:6:28:Infinity":18,"s:29:18:29:36":19,"s:29:36:29:Infinity":20,"f:32:23:32:30":4,"s:33:4:38:Infinity":21,"s:34:23:34:81":22,"s:35:6:35:Infinity":23,"s:37:6:37:Infinity":24,"s:38:6:38:Infinity":25,"f:42:19:42:26":5,"s:43:4:46:Infinity":26,"s:44:23:44:64":27,"s:45:6:45:Infinity":28,"s:46:18:46:36":29,"s:46:36:46:Infinity":30,"f:49:17:49:24":6,"s:50:4:53:Infinity":31,"s:51:23:51:58":32,"s:52:6:52:Infinity":33,"s:53:18:53:36":34,"s:53:36:53:Infinity":35,"f:56:29:56:36":7,"s:57:4:62:Infinity":36,"s:58:23:58:89":37,"s:59:6:59:Infinity":38,"s:61:6:61:Infinity":39,"s:62:6:62:Infinity":40}}}
,"C:\\Users\\HP\\FREELENCERHUB\\frontend\\src\\services\\userService.js": {"path":"C:\\Users\\HP\\FREELENCERHUB\\frontend\\src\\services\\userService.js","statementMap":{"0":{"start":{"line":3,"column":20},"end":{"line":43,"column":null}},"1":{"start":{"line":5,"column":4},"end":{"line":10,"column":null}},"2":{"start":{"line":6,"column":23},"end":{"line":6,"column":46}},"3":{"start":{"line":7,"column":6},"end":{"line":7,"column":null}},"4":{"start":{"line":9,"column":6},"end":{"line":9,"column":null}},"5":{"start":{"line":10,"column":6},"end":{"line":10,"column":null}},"6":{"start":{"line":15,"column":4},"end":{"line":20,"column":null}},"7":{"start":{"line":16,"column":23},"end":{"line":16,"column":52}},"8":{"start":{"line":17,"column":6},"end":{"line":17,"column":null}},"9":{"start":{"line":19,"column":6},"end":{"line":19,"column":null}},"10":{"start":{"line":20,"column":6},"end":{"line":20,"column":null}},"11":{"start":{"line":25,"column":4},"end":{"line":30,"column":null}},"12":{"start":{"line":26,"column":23},"end":{"line":26,"column":62}},"13":{"start":{"line":27,"column":6},"end":{"line":27,"column":null}},"14":{"start":{"line":29,"column":6},"end":{"line":29,"column":null}},"15":{"start":{"line":30,"column":6},"end":{"line":30,"column":null}},"16":{"start":{"line":35,"column":4},"end":{"line":40,"column":null}},"17":{"start":{"line":36,"column":23},"end":{"line":36,"column":55}},"18":{"start":{"line":37,"column":6},"end":{"line":37,"column":null}},"19":{"start":{"line":39,"column":6},"end":{"line":39,"column":null}},"20":{"start":{"line":40,"column":6},"end":{"line":40,"column":null}}},"fnMap":{"0":{"name":"(anonymous_0)","decl":{"start":{"line":4,"column":15},"end":{"line":4,"column":27}},"loc":{"start":{"line":4,"column":27},"end":{"line":10,"column":null}},"line":4},"1":{"name":"(anonymous_1)","decl":{"start":{"line":14,"column":15},"end":{"line":14,"column":22}},"loc":{"start":{"line":14,"column":29},"end":{"line":20,"column":null}},"line":14},"2":{"name":"(anonymous_2)","decl":{"start":{"line":24,"column":14},"end":{"line":24,"column":21}},"loc":{"start":{"line":24,"column":38},"end":{"line":30,"column":null}},"line":24},"3":{"name":"(anonymous_3)","decl":{"start":{"line":34,"column":14},"end":{"line":34,"column":21}},"loc":{"start":{"line":34,"column":28},"end":{"line":40,"column":null}},"line":34}},"branchMap":{},"s":{"0":2,"1":2,"2":2,"3":1,"4":1,"5":1,"6":2,"7":2,"8":1,"9":1,"10":1,"11":2,"12":2,"13":1,"14":1,"15":1,"16":0,"17":0,"18":0,"19":0,"20":0},"f":{"0":2,"1":2,"2":2,"3":0},"b":{},"meta":{"lastBranch":0,"lastFunction":4,"lastStatement":21,"seen":{"s:3:20:43:Infinity":0,"f:4:15:4:27":0,"s:5:4:10:Infinity":1,"s:6:23:6:46":2,"s:7:6:7:Infinity":3,"s:9:6:9:Infinity":4,"s:10:6:10:Infinity":5,"f:14:15:14:22":1,"s:15:4:20:Infinity":6,"s:16:23:16:52":7,"s:17:6:17:Infinity":8,"s:19:6:19:Infinity":9,"s:20:6:20:Infinity":10,"f:24:14:24:21":2,"s:25:4:30:Infinity":11,"s:26:23:26:62":12,"s:27:6:27:Infinity":13,"s:29:6:29:Infinity":14,"s:30:6:30:Infinity":15,"f:34:14:34:21":3,"s:35:4:40:Infinity":16,"s:36:23:36:55":17,"s:37:6:37:Infinity":18,"s:39:6:39:Infinity":19,"s:40:6:40:Infinity":20}}}
}
