<?xml version="1.0" encoding="UTF-8"?>
<testsuite xmlns:xsi="http://www.w3.org/2001/XMLSchema-instance" xsi:noNamespaceSchemaLocation="https://maven.apache.org/surefire/maven-surefire-plugin/xsd/surefire-test-report-3.0.xsd" version="3.0" name="com.freelencerhub.gateway.filter.RouteValidatorTest" time="1.801" tests="2" errors="0" skipped="0" failures="0">
  <properties>
[...]
</properties>
  <testcase name="isSecured_ReturnsTrueForSecuredEndpoints" classname="com.freelencerhub.gateway.filter.RouteValidatorTest" time="1.784"/>
  <testcase name="isSecured_ReturnsFalseForOpenEndpoints" classname="com.freelencerhub.gateway.filter.RouteValidatorTest" time="0.005"/>
</testsuite>