<?xml version="1.0" encoding="UTF-8"?>
<testsuite xmlns:xsi="http://www.w3.org/2001/XMLSchema-instance" xsi:noNamespaceSchemaLocation="https://maven.apache.org/surefire/maven-surefire-plugin/xsd/surefire-test-report-3.0.xsd" version="3.0" name="com.freelencerhub.notification.NotificationServiceApplicationTest" time="25.018" tests="1" errors="0" skipped="0" failures="0">
  <properties>
[...]
</properties>
  <testcase name="mainMethodTest" classname="com.freelencerhub.notification.NotificationServiceApplicationTest" time="25.013">
    <system-out><![CDATA[
  .   ____          _            __ _ _
 /\\ / ___'_ __ _ _(_)_ __  __ _ \ \ \ \
( ( )\___ | '_ | '_| | '_ \/ _` | \ \ \ \
 \\/  ___)| |_)| | | | | || (_| |  ) ) ) )
  '  |____| .__|_| |_|_| |_\__, | / / / /
 =========|_|==============|___/=/_/_/_/
 :: Spring Boot ::               (v2.7.18)

2026-05-19 22:47:21.612  INFO 10132 --- [           main] c.f.n.NotificationServiceApplication     : Starting NotificationServiceApplication using Java 11.0.30 on DESKTOP-ED7SHVR with PID 10132 (started by HP in C:\Users\HP\FREELENCERHUB\notification-service)
2026-05-19 22:47:21.621 DEBUG 10132 --- [           main] c.f.n.NotificationServiceApplication     : Running with Spring Boot v2.7.18, Spring v5.3.31
2026-05-19 22:47:21.623  INFO 10132 --- [           main] c.f.n.NotificationServiceApplication     : No active profile set, falling back to 1 default profile: "default"
2026-05-19 22:47:25.912  INFO 10132 --- [           main] .s.d.r.c.RepositoryConfigurationDelegate : Bootstrapping Spring Data JPA repositories in DEFAULT mode.
2026-05-19 22:47:26.609  INFO 10132 --- [           main] .s.d.r.c.RepositoryConfigurationDelegate : Finished Spring Data repository scanning in 660 ms. Found 1 JPA repository interfaces.
2026-05-19 22:47:27.635  INFO 10132 --- [           main] o.s.cloud.context.scope.GenericScope     : BeanFactory id=05137a20-a0de-379e-953d-46375a8b066c
2026-05-19 22:47:30.354  INFO 10132 --- [           main] o.s.b.w.embedded.tomcat.TomcatWebServer  : Tomcat initialized with port(s): 8084 (http)
2026-05-19 22:47:30.386  INFO 10132 --- [           main] o.apache.catalina.core.StandardService   : Starting service [Tomcat]
2026-05-19 22:47:30.388  INFO 10132 --- [           main] org.apache.catalina.core.StandardEngine  : Starting Servlet engine: [Apache Tomcat/9.0.83]
2026-05-19 22:47:30.838  INFO 10132 --- [           main] o.a.c.c.C.[Tomcat].[localhost].[/]       : Initializing Spring embedded WebApplicationContext
2026-05-19 22:47:30.839  INFO 10132 --- [           main] w.s.c.ServletWebServerApplicationContext : Root WebApplicationContext: initialization completed in 9028 ms
2026-05-19 22:47:32.015  INFO 10132 --- [           main] o.hibernate.jpa.internal.util.LogHelper  : HHH000204: Processing PersistenceUnitInfo [name: default]
2026-05-19 22:47:32.307  INFO 10132 --- [           main] org.hibernate.Version                    : HHH000412: Hibernate ORM core version 5.6.15.Final
2026-05-19 22:47:32.462  INFO 10132 --- [           main] o.hibernate.annotations.common.Version   : HCANN000001: Hibernate Commons Annotations {5.1.2.Final}
2026-05-19 22:47:32.936  INFO 10132 --- [           main] com.zaxxer.hikari.HikariDataSource       : HikariPool-1 - Starting...
2026-05-19 22:47:33.586  INFO 10132 --- [           main] com.zaxxer.hikari.HikariDataSource       : HikariPool-1 - Start completed.
2026-05-19 22:47:33.642  INFO 10132 --- [           main] org.hibernate.dialect.Dialect            : HHH000400: Using dialect: org.hibernate.dialect.MySQL8Dialect
2026-05-19 22:47:35.188  INFO 10132 --- [           main] o.h.e.t.j.p.i.JtaPlatformInitiator       : HHH000490: Using JtaPlatform implementation: [org.hibernate.engine.transaction.jta.platform.internal.NoJtaPlatform]
2026-05-19 22:47:35.210  INFO 10132 --- [           main] j.LocalContainerEntityManagerFactoryBean : Initialized JPA EntityManagerFactory for persistence unit 'default'
2026-05-19 22:47:37.461  WARN 10132 --- [           main] JpaBaseConfiguration$JpaWebConfiguration : spring.jpa.open-in-view is enabled by default. Therefore, database queries may be performed during view rendering. Explicitly configure spring.jpa.open-in-view to disable this warning
2026-05-19 22:47:41.531  INFO 10132 --- [           main] DiscoveryClientOptionalArgsConfiguration : Eureka HTTP Client uses RestTemplate.
2026-05-19 22:47:41.889  WARN 10132 --- [           main] iguration$LoadBalancerCaffeineWarnLogger : Spring Cloud LoadBalancer is currently working with the default cache. While this cache implementation is useful for development and tests, it's recommended to use Caffeine cache in production.You can switch to using Caffeine cache, by adding it and org.springframework.cache.caffeine.CaffeineCacheManager to the classpath.
2026-05-19 22:47:41.908  INFO 10132 --- [           main] o.s.b.a.e.web.EndpointLinksResolver      : Exposing 2 endpoint(s) beneath base path '/actuator'
2026-05-19 22:47:42.030  INFO 10132 --- [           main] o.s.c.n.eureka.InstanceInfoFactory       : Setting initial instance status as: STARTING
2026-05-19 22:47:42.266  INFO 10132 --- [           main] com.netflix.discovery.DiscoveryClient    : Initializing Eureka in region us-east-1
2026-05-19 22:47:42.285  INFO 10132 --- [           main] c.n.d.s.r.aws.ConfigClusterResolver      : Resolving eureka endpoints via configuration
2026-05-19 22:47:42.381  INFO 10132 --- [           main] com.netflix.discovery.DiscoveryClient    : Disable delta property : false
2026-05-19 22:47:42.381  INFO 10132 --- [           main] com.netflix.discovery.DiscoveryClient    : Single vip registry refresh property : null
2026-05-19 22:47:42.382  INFO 10132 --- [           main] com.netflix.discovery.DiscoveryClient    : Force full registry fetch : false
2026-05-19 22:47:42.382  INFO 10132 --- [           main] com.netflix.discovery.DiscoveryClient    : Application is null : false
2026-05-19 22:47:42.382  INFO 10132 --- [           main] com.netflix.discovery.DiscoveryClient    : Registered Applications size is zero : true
2026-05-19 22:47:42.382  INFO 10132 --- [           main] com.netflix.discovery.DiscoveryClient    : Application version is -1: true
2026-05-19 22:47:42.384  INFO 10132 --- [           main] com.netflix.discovery.DiscoveryClient    : Getting all instance registry info from the eureka server
2026-05-19 22:47:43.488  INFO 10132 --- [           main] com.netflix.discovery.DiscoveryClient    : The response status is 200
2026-05-19 22:47:43.496  INFO 10132 --- [           main] com.netflix.discovery.DiscoveryClient    : Starting heartbeat executor: renew interval is: 30
2026-05-19 22:47:43.504  INFO 10132 --- [           main] c.n.discovery.InstanceInfoReplicator     : InstanceInfoReplicator onDemand update allowed rate per min is 4
2026-05-19 22:47:43.515  INFO 10132 --- [           main] com.netflix.discovery.DiscoveryClient    : Discovery Client initialized at timestamp 1779211063513 with initial instances count: 6
2026-05-19 22:47:43.524  INFO 10132 --- [           main] o.s.c.n.e.s.EurekaServiceRegistry        : Registering application NOTIFICATION-SERVICE with eureka with status UP
2026-05-19 22:47:43.524  INFO 10132 --- [           main] com.netflix.discovery.DiscoveryClient    : Saw local status change event StatusChangeEvent [timestamp=1779211063524, current=UP, previous=STARTING]
2026-05-19 22:47:43.531  INFO 10132 --- [nfoReplicator-0] com.netflix.discovery.DiscoveryClient    : DiscoveryClient_NOTIFICATION-SERVICE/DESKTOP-ED7SHVR:notification-service:8084: registering service...
2026-05-19 22:47:43.554  WARN 10132 --- [           main] ConfigServletWebServerApplicationContext : Exception encountered during context initialization - cancelling refresh attempt: org.springframework.context.ApplicationContextException: Failed to start bean 'webServerStartStop'; nested exception is org.springframework.boot.web.server.PortInUseException: Port 8084 is already in use
2026-05-19 22:47:43.571  INFO 10132 --- [           main] j.LocalContainerEntityManagerFactoryBean : Closing JPA EntityManagerFactory for persistence unit 'default'
2026-05-19 22:47:43.580  INFO 10132 --- [           main] com.zaxxer.hikari.HikariDataSource       : HikariPool-1 - Shutdown initiated...
2026-05-19 22:47:43.628  INFO 10132 --- [           main] com.zaxxer.hikari.HikariDataSource       : HikariPool-1 - Shutdown completed.
2026-05-19 22:47:43.631  INFO 10132 --- [           main] com.netflix.discovery.DiscoveryClient    : Shutting down DiscoveryClient ...
2026-05-19 22:47:43.689  INFO 10132 --- [nfoReplicator-0] com.netflix.discovery.DiscoveryClient    : DiscoveryClient_NOTIFICATION-SERVICE/DESKTOP-ED7SHVR:notification-service:8084 - registration status: 204
2026-05-19 22:47:43.694  INFO 10132 --- [           main] com.netflix.discovery.DiscoveryClient    : Unregistering ...
2026-05-19 22:47:43.706  INFO 10132 --- [           main] com.netflix.discovery.DiscoveryClient    : DiscoveryClient_NOTIFICATION-SERVICE/DESKTOP-ED7SHVR:notification-service:8084 - deregister  status: 200
2026-05-19 22:47:43.719  INFO 10132 --- [           main] com.netflix.discovery.DiscoveryClient    : Completed shut down of DiscoveryClient
2026-05-19 22:47:43.725  INFO 10132 --- [           main] o.apache.catalina.core.StandardService   : Stopping service [Tomcat]
2026-05-19 22:47:43.774  INFO 10132 --- [           main] ConditionEvaluationReportLoggingListener : 

Error starting ApplicationContext. To display the conditions report re-run your application with 'debug' enabled.
2026-05-19 22:47:43.867 ERROR 10132 --- [           main] o.s.b.d.LoggingFailureAnalysisReporter   : 

***************************
APPLICATION FAILED TO START
***************************

Description:

Web server failed to start. Port 8084 was already in use.

Action:

Identify and stop the process that's listening on port 8084 or configure this application to listen on another port.

]]></system-out>
  </testcase>
</testsuite>