<?xml version="1.0" encoding="UTF-8"?>
<testsuite xmlns:xsi="http://www.w3.org/2001/XMLSchema-instance" xsi:noNamespaceSchemaLocation="https://maven.apache.org/surefire/maven-surefire-plugin/xsd/surefire-test-report-3.0.xsd" version="3.0" name="com.freelencerhub.project.repository.ProjectRepositoryTest" time="3.114" tests="1" errors="0" skipped="0" failures="0">
  <properties>
[...]
</properties>
  <testcase name="testSaveAndFindByClientId" classname="com.freelencerhub.project.repository.ProjectRepositoryTest" time="0.788">
    <system-out><![CDATA[2026-05-19 22:46:20.444  INFO 16388 --- [           main] b.t.a.o.j.DataJpaTestContextBootstrapper : Neither @ContextConfiguration nor @ContextHierarchy found for test class [com.freelencerhub.project.repository.ProjectRepositoryTest], using SpringBootContextLoader
2026-05-19 22:46:20.446  INFO 16388 --- [           main] o.s.t.c.support.AbstractContextLoader    : Could not detect default resource locations for test class [com.freelencerhub.project.repository.ProjectRepositoryTest]: no resource found for suffixes {-context.xml, Context.groovy}.
2026-05-19 22:46:20.449  INFO 16388 --- [           main] t.c.s.AnnotationConfigContextLoaderUtils : Could not detect default configuration classes for test class [com.freelencerhub.project.repository.ProjectRepositoryTest]: ProjectRepositoryTest does not declare any static, non-private, non-final, nested classes annotated with @Configuration.
2026-05-19 22:46:20.659  INFO 16388 --- [           main] .b.t.c.SpringBootTestContextBootstrapper : Found @SpringBootConfiguration com.freelencerhub.project.ProjectServiceApplication for test class com.freelencerhub.project.repository.ProjectRepositoryTest
2026-05-19 22:46:20.670  INFO 16388 --- [           main] b.t.a.o.j.DataJpaTestContextBootstrapper : Loaded default TestExecutionListener class names from location [META-INF/spring.factories]: [org.springframework.boot.test.mock.mockito.MockitoTestExecutionListener, org.springframework.boot.test.mock.mockito.ResetMocksTestExecutionListener, org.springframework.boot.test.autoconfigure.restdocs.RestDocsTestExecutionListener, org.springframework.boot.test.autoconfigure.web.client.MockRestServiceServerResetTestExecutionListener, org.springframework.boot.test.autoconfigure.web.servlet.MockMvcPrintOnlyOnFailureTestExecutionListener, org.springframework.boot.test.autoconfigure.web.servlet.WebDriverTestExecutionListener, org.springframework.boot.test.autoconfigure.webservices.client.MockWebServiceServerTestExecutionListener, org.springframework.test.context.web.ServletTestExecutionListener, org.springframework.test.context.support.DirtiesContextBeforeModesTestExecutionListener, org.springframework.test.context.event.ApplicationEventsTestExecutionListener, org.springframework.test.context.support.DependencyInjectionTestExecutionListener, org.springframework.test.context.support.DirtiesContextTestExecutionListener, org.springframework.test.context.transaction.TransactionalTestExecutionListener, org.springframework.test.context.jdbc.SqlScriptsTestExecutionListener, org.springframework.test.context.event.EventPublishingTestExecutionListener]
2026-05-19 22:46:20.721  INFO 16388 --- [           main] b.t.a.o.j.DataJpaTestContextBootstrapper : Using TestExecutionListeners: [org.springframework.test.context.web.ServletTestExecutionListener@1546a30f, org.springframework.test.context.support.DirtiesContextBeforeModesTestExecutionListener@a70c50e, org.springframework.test.context.event.ApplicationEventsTestExecutionListener@369e084b, org.springframework.boot.test.mock.mockito.MockitoTestExecutionListener@2ea666ef, org.springframework.boot.test.autoconfigure.SpringBootDependencyInjectionTestExecutionListener@ed8f6ef, org.springframework.test.context.support.DirtiesContextTestExecutionListener@28c0a8f, org.springframework.test.context.transaction.TransactionalTestExecutionListener@449696c5, org.springframework.test.context.jdbc.SqlScriptsTestExecutionListener@599a11a6, org.springframework.test.context.event.EventPublishingTestExecutionListener@10bcebf4, org.springframework.boot.test.mock.mockito.ResetMocksTestExecutionListener@7286531e, org.springframework.boot.test.autoconfigure.restdocs.RestDocsTestExecutionListener@256c335, org.springframework.boot.test.autoconfigure.web.client.MockRestServiceServerResetTestExecutionListener@b48e5f8, org.springframework.boot.test.autoconfigure.web.servlet.MockMvcPrintOnlyOnFailureTestExecutionListener@7cdc5c2e, org.springframework.boot.test.autoconfigure.web.servlet.WebDriverTestExecutionListener@3c82fe08, org.springframework.boot.test.autoconfigure.webservices.client.MockWebServiceServerTestExecutionListener@8f9cdc6]

  .   ____          _            __ _ _
 /\\ / ___'_ __ _ _(_)_ __  __ _ \ \ \ \
( ( )\___ | '_ | '_| | '_ \/ _` | \ \ \ \
 \\/  ___)| |_)| | | | | || (_| |  ) ) ) )
  '  |____| .__|_| |_|_| |_\__, | / / / /
 =========|_|==============|___/=/_/_/_/
 :: Spring Boot ::               (v2.7.18)

2026-05-19 22:46:21.416  INFO 16388 --- [           main] c.f.p.repository.ProjectRepositoryTest   : Starting ProjectRepositoryTest using Java 11.0.30 on DESKTOP-ED7SHVR with PID 16388 (started by HP in C:\Users\HP\FREELENCERHUB\project-service)
2026-05-19 22:46:21.417  INFO 16388 --- [           main] c.f.p.repository.ProjectRepositoryTest   : No active profile set, falling back to 1 default profile: "default"
2026-05-19 22:46:21.742  INFO 16388 --- [           main] .s.d.r.c.RepositoryConfigurationDelegate : Bootstrapping Spring Data JPA repositories in DEFAULT mode.
2026-05-19 22:46:21.772  INFO 16388 --- [           main] .s.d.r.c.RepositoryConfigurationDelegate : Finished Spring Data repository scanning in 28 ms. Found 1 JPA repository interfaces.
2026-05-19 22:46:21.804  INFO 16388 --- [           main] beddedDataSourceBeanFactoryPostProcessor : Replacing 'dataSource' DataSource bean with embedded version
2026-05-19 22:46:21.993  INFO 16388 --- [           main] o.s.j.d.e.EmbeddedDatabaseFactory        : Starting embedded database: url='jdbc:h2:mem:9e153c8c-0255-4a88-b850-fb157d0dda81;DB_CLOSE_DELAY=-1;DB_CLOSE_ON_EXIT=false', username='sa'
2026-05-19 22:46:22.159  INFO 16388 --- [           main] o.hibernate.jpa.internal.util.LogHelper  : HHH000204: Processing PersistenceUnitInfo [name: default]
2026-05-19 22:46:22.187  INFO 16388 --- [           main] org.hibernate.dialect.Dialect            : HHH000400: Using dialect: org.hibernate.dialect.H2Dialect
Hibernate: drop table if exists projects CASCADE 
Hibernate: create table projects (id bigint generated by default as identity, budget double not null check (budget>=0), client_id bigint not null, created_at timestamp, description varchar(255), freelancer_id bigint, status varchar(255) not null, title varchar(255), primary key (id))
2026-05-19 22:46:22.314  INFO 16388 --- [           main] o.h.e.t.j.p.i.JtaPlatformInitiator       : HHH000490: Using JtaPlatform implementation: [org.hibernate.engine.transaction.jta.platform.internal.NoJtaPlatform]
2026-05-19 22:46:22.315  INFO 16388 --- [           main] j.LocalContainerEntityManagerFactoryBean : Initialized JPA EntityManagerFactory for persistence unit 'default'
2026-05-19 22:46:22.666  INFO 16388 --- [           main] c.f.p.repository.ProjectRepositoryTest   : Started ProjectRepositoryTest in 1.917 seconds (JVM running for 37.683)
2026-05-19 22:46:22.724  INFO 16388 --- [           main] o.s.t.c.transaction.TransactionContext   : Began transaction (1) for test context [DefaultTestContext@65882e26 testClass = ProjectRepositoryTest, testInstance = com.freelencerhub.project.repository.ProjectRepositoryTest@3d7ab1b3, testMethod = testSaveAndFindByClientId@ProjectRepositoryTest, testException = [null], mergedContextConfiguration = [MergedContextConfiguration@1f2b9bf3 testClass = ProjectRepositoryTest, locations = '{}', classes = '{class com.freelencerhub.project.ProjectServiceApplication}', contextInitializerClasses = '[]', activeProfiles = '{}', propertySourceLocations = '{}', propertySourceProperties = '{org.springframework.boot.test.autoconfigure.orm.jpa.DataJpaTestContextBootstrapper=true}', contextCustomizers = set[[ImportsContextCustomizer@45d14b67 key = [org.springframework.boot.autoconfigure.transaction.TransactionAutoConfiguration, org.springframework.boot.autoconfigure.data.jpa.JpaRepositoriesAutoConfiguration, org.springframework.boot.autoconfigure.jdbc.DataSourceAutoConfiguration, org.springframework.boot.test.autoconfigure.orm.jpa.TestEntityManagerAutoConfiguration, org.springframework.boot.autoconfigure.cache.CacheAutoConfiguration, org.springframework.boot.autoconfigure.orm.jpa.HibernateJpaAutoConfiguration, org.springframework.boot.autoconfigure.sql.init.SqlInitializationAutoConfiguration, org.springframework.boot.autoconfigure.jdbc.JdbcTemplateAutoConfiguration, org.springframework.boot.test.autoconfigure.jdbc.TestDatabaseAutoConfiguration, org.springframework.boot.autoconfigure.flyway.FlywayAutoConfiguration, org.springframework.boot.autoconfigure.jdbc.DataSourceTransactionManagerAutoConfiguration, org.springframework.boot.autoconfigure.liquibase.LiquibaseAutoConfiguration]], org.springframework.boot.test.context.filter.ExcludeFilterContextCustomizer@32e995d8, org.springframework.boot.test.json.DuplicateJsonObjectContextCustomizerFactory$DuplicateJsonObjectContextCustomizer@4a1fe53a, org.springframework.boot.test.mock.mockito.MockitoContextCustomizer@0, org.springframework.boot.test.autoconfigure.OverrideAutoConfigurationContextCustomizerFactory$DisableAutoConfigurationContextCustomizer@2ec531d4, org.springframework.boot.test.autoconfigure.actuate.metrics.MetricsExportContextCustomizerFactory$DisableMetricExportContextCustomizer@7d08a9b9, org.springframework.boot.test.autoconfigure.filter.TypeExcludeFiltersContextCustomizer@351584c0, org.springframework.boot.test.autoconfigure.properties.PropertyMappingContextCustomizer@d9171e1, org.springframework.boot.test.autoconfigure.web.servlet.WebDriverContextCustomizerFactory$Customizer@7943f6a7, org.springframework.boot.test.context.SpringBootTestArgs@1, org.springframework.boot.test.context.SpringBootTestWebEnvironment@0], contextLoader = 'org.springframework.boot.test.context.SpringBootContextLoader', parent = [null]], attributes = map['org.springframework.test.context.event.ApplicationEventsTestExecutionListener.recordApplicationEvents' -> false]]; transaction manager [org.springframework.orm.jpa.JpaTransactionManager@1be20dcc]; rollback [true]
Hibernate: insert into projects (id, budget, client_id, created_at, description, freelancer_id, status, title) values (default, ?, ?, ?, ?, ?, ?, ?)
Hibernate: select project0_.id as id1_0_, project0_.budget as budget2_0_, project0_.client_id as client_i3_0_, project0_.created_at as created_4_0_, project0_.description as descript5_0_, project0_.freelancer_id as freelanc6_0_, project0_.status as status7_0_, project0_.title as title8_0_ from projects project0_ where project0_.client_id=?
2026-05-19 22:46:23.462  INFO 16388 --- [           main] o.s.t.c.transaction.TransactionContext   : Rolled back transaction for test: [DefaultTestContext@65882e26 testClass = ProjectRepositoryTest, testInstance = com.freelencerhub.project.repository.ProjectRepositoryTest@3d7ab1b3, testMethod = testSaveAndFindByClientId@ProjectRepositoryTest, testException = [null], mergedContextConfiguration = [MergedContextConfiguration@1f2b9bf3 testClass = ProjectRepositoryTest, locations = '{}', classes = '{class com.freelencerhub.project.ProjectServiceApplication}', contextInitializerClasses = '[]', activeProfiles = '{}', propertySourceLocations = '{}', propertySourceProperties = '{org.springframework.boot.test.autoconfigure.orm.jpa.DataJpaTestContextBootstrapper=true}', contextCustomizers = set[[ImportsContextCustomizer@45d14b67 key = [org.springframework.boot.autoconfigure.transaction.TransactionAutoConfiguration, org.springframework.boot.autoconfigure.data.jpa.JpaRepositoriesAutoConfiguration, org.springframework.boot.autoconfigure.jdbc.DataSourceAutoConfiguration, org.springframework.boot.test.autoconfigure.orm.jpa.TestEntityManagerAutoConfiguration, org.springframework.boot.autoconfigure.cache.CacheAutoConfiguration, org.springframework.boot.autoconfigure.orm.jpa.HibernateJpaAutoConfiguration, org.springframework.boot.autoconfigure.sql.init.SqlInitializationAutoConfiguration, org.springframework.boot.autoconfigure.jdbc.JdbcTemplateAutoConfiguration, org.springframework.boot.test.autoconfigure.jdbc.TestDatabaseAutoConfiguration, org.springframework.boot.autoconfigure.flyway.FlywayAutoConfiguration, org.springframework.boot.autoconfigure.jdbc.DataSourceTransactionManagerAutoConfiguration, org.springframework.boot.autoconfigure.liquibase.LiquibaseAutoConfiguration]], org.springframework.boot.test.context.filter.ExcludeFilterContextCustomizer@32e995d8, org.springframework.boot.test.json.DuplicateJsonObjectContextCustomizerFactory$DuplicateJsonObjectContextCustomizer@4a1fe53a, org.springframework.boot.test.mock.mockito.MockitoContextCustomizer@0, org.springframework.boot.test.autoconfigure.OverrideAutoConfigurationContextCustomizerFactory$DisableAutoConfigurationContextCustomizer@2ec531d4, org.springframework.boot.test.autoconfigure.actuate.metrics.MetricsExportContextCustomizerFactory$DisableMetricExportContextCustomizer@7d08a9b9, org.springframework.boot.test.autoconfigure.filter.TypeExcludeFiltersContextCustomizer@351584c0, org.springframework.boot.test.autoconfigure.properties.PropertyMappingContextCustomizer@d9171e1, org.springframework.boot.test.autoconfigure.web.servlet.WebDriverContextCustomizerFactory$Customizer@7943f6a7, org.springframework.boot.test.context.SpringBootTestArgs@1, org.springframework.boot.test.context.SpringBootTestWebEnvironment@0], contextLoader = 'org.springframework.boot.test.context.SpringBootContextLoader', parent = [null]], attributes = map['org.springframework.test.context.event.ApplicationEventsTestExecutionListener.recordApplicationEvents' -> false]]
]]></system-out>
  </testcase>
</testsuite>