<?xml version="1.0" encoding="UTF-8"?>
<testsuite xmlns:xsi="http://www.w3.org/2001/XMLSchema-instance" xsi:noNamespaceSchemaLocation="https://maven.apache.org/surefire/maven-surefire-plugin/xsd/surefire-test-report-3.0.xsd" version="3.0" name="com.freelencerhub.payment.controller.PaymentControllerIntegrationTest" time="12.186" tests="2" errors="0" skipped="0" failures="0">
  <properties>
[...]
</properties>
  <testcase name="testGetAllPaymentsItems" classname="com.freelencerhub.payment.controller.PaymentControllerIntegrationTest" time="0.713">
    <system-out><![CDATA[22:46:29.999 [main] DEBUG org.springframework.test.context.BootstrapUtils - Instantiating CacheAwareContextLoaderDelegate from class [org.springframework.test.context.cache.DefaultCacheAwareContextLoaderDelegate]
22:46:30.054 [main] DEBUG org.springframework.test.context.BootstrapUtils - Instantiating BootstrapContext using constructor [public org.springframework.test.context.support.DefaultBootstrapContext(java.lang.Class,org.springframework.test.context.CacheAwareContextLoaderDelegate)]
22:46:30.278 [main] DEBUG org.springframework.test.context.BootstrapUtils - Instantiating TestContextBootstrapper for test class [com.freelencerhub.payment.controller.PaymentControllerIntegrationTest] from class [org.springframework.boot.test.autoconfigure.web.servlet.WebMvcTestContextBootstrapper]
22:46:30.338 [main] INFO org.springframework.boot.test.autoconfigure.web.servlet.WebMvcTestContextBootstrapper - Neither @ContextConfiguration nor @ContextHierarchy found for test class [com.freelencerhub.payment.controller.PaymentControllerIntegrationTest], using SpringBootContextLoader
22:46:30.356 [main] DEBUG org.springframework.test.context.support.AbstractContextLoader - Did not detect default resource location for test class [com.freelencerhub.payment.controller.PaymentControllerIntegrationTest]: class path resource [com/freelencerhub/payment/controller/PaymentControllerIntegrationTest-context.xml] does not exist
22:46:30.357 [main] DEBUG org.springframework.test.context.support.AbstractContextLoader - Did not detect default resource location for test class [com.freelencerhub.payment.controller.PaymentControllerIntegrationTest]: class path resource [com/freelencerhub/payment/controller/PaymentControllerIntegrationTestContext.groovy] does not exist
22:46:30.357 [main] INFO org.springframework.test.context.support.AbstractContextLoader - Could not detect default resource locations for test class [com.freelencerhub.payment.controller.PaymentControllerIntegrationTest]: no resource found for suffixes {-context.xml, Context.groovy}.
22:46:30.361 [main] INFO org.springframework.test.context.support.AnnotationConfigContextLoaderUtils - Could not detect default configuration classes for test class [com.freelencerhub.payment.controller.PaymentControllerIntegrationTest]: PaymentControllerIntegrationTest does not declare any static, non-private, non-final, nested classes annotated with @Configuration.
22:46:30.730 [main] DEBUG org.springframework.test.context.support.ActiveProfilesUtils - Could not find an 'annotation declaring class' for annotation type [org.springframework.test.context.ActiveProfiles] and class [com.freelencerhub.payment.controller.PaymentControllerIntegrationTest]
22:46:31.052 [main] DEBUG org.springframework.context.annotation.ClassPathScanningCandidateComponentProvider - Identified candidate component class: file [C:\Users\HP\FREELENCERHUB\payment-service\target\classes\com\freelencerhub\payment\PaymentServiceApplication.class]
22:46:31.055 [main] INFO org.springframework.boot.test.context.SpringBootTestContextBootstrapper - Found @SpringBootConfiguration com.freelencerhub.payment.PaymentServiceApplication for test class com.freelencerhub.payment.controller.PaymentControllerIntegrationTest
22:46:31.068 [main] DEBUG org.springframework.boot.test.autoconfigure.web.servlet.WebMvcTestContextBootstrapper - @TestExecutionListeners is not present for class [com.freelencerhub.payment.controller.PaymentControllerIntegrationTest]: using defaults.
22:46:31.071 [main] INFO org.springframework.boot.test.autoconfigure.web.servlet.WebMvcTestContextBootstrapper - Loaded default TestExecutionListener class names from location [META-INF/spring.factories]: [org.springframework.boot.test.mock.mockito.MockitoTestExecutionListener, org.springframework.boot.test.mock.mockito.ResetMocksTestExecutionListener, org.springframework.boot.test.autoconfigure.restdocs.RestDocsTestExecutionListener, org.springframework.boot.test.autoconfigure.web.client.MockRestServiceServerResetTestExecutionListener, org.springframework.boot.test.autoconfigure.web.servlet.MockMvcPrintOnlyOnFailureTestExecutionListener, org.springframework.boot.test.autoconfigure.web.servlet.WebDriverTestExecutionListener, org.springframework.boot.test.autoconfigure.webservices.client.MockWebServiceServerTestExecutionListener, org.springframework.test.context.web.ServletTestExecutionListener, org.springframework.test.context.support.DirtiesContextBeforeModesTestExecutionListener, org.springframework.test.context.event.ApplicationEventsTestExecutionListener, org.springframework.test.context.support.DependencyInjectionTestExecutionListener, org.springframework.test.context.support.DirtiesContextTestExecutionListener, org.springframework.test.context.transaction.TransactionalTestExecutionListener, org.springframework.test.context.jdbc.SqlScriptsTestExecutionListener, org.springframework.test.context.event.EventPublishingTestExecutionListener]
22:46:31.167 [main] INFO org.springframework.boot.test.autoconfigure.web.servlet.WebMvcTestContextBootstrapper - Using TestExecutionListeners: [org.springframework.test.context.web.ServletTestExecutionListener@17189618, org.springframework.test.context.support.DirtiesContextBeforeModesTestExecutionListener@983050b, org.springframework.test.context.event.ApplicationEventsTestExecutionListener@6aadb092, org.springframework.boot.test.mock.mockito.MockitoTestExecutionListener@1f547af8, org.springframework.boot.test.autoconfigure.SpringBootDependencyInjectionTestExecutionListener@4caf875c, org.springframework.test.context.support.DirtiesContextTestExecutionListener@5d15789f, org.springframework.test.context.transaction.TransactionalTestExecutionListener@5abb7a8f, org.springframework.test.context.jdbc.SqlScriptsTestExecutionListener@6684589a, org.springframework.test.context.event.EventPublishingTestExecutionListener@5621a671, org.springframework.boot.test.mock.mockito.ResetMocksTestExecutionListener@2006fdaa, org.springframework.boot.test.autoconfigure.restdocs.RestDocsTestExecutionListener@21688427, org.springframework.boot.test.autoconfigure.web.client.MockRestServiceServerResetTestExecutionListener@656c5818, org.springframework.boot.test.autoconfigure.web.servlet.MockMvcPrintOnlyOnFailureTestExecutionListener@3e2578ea, org.springframework.boot.test.autoconfigure.web.servlet.WebDriverTestExecutionListener@29592929, org.springframework.boot.test.autoconfigure.webservices.client.MockWebServiceServerTestExecutionListener@4cf5d999]
22:46:31.181 [main] DEBUG org.springframework.test.context.support.AbstractDirtiesContextTestExecutionListener - Before test class: context [DefaultTestContext@28bc9749 testClass = PaymentControllerIntegrationTest, testInstance = [null], testMethod = [null], testException = [null], mergedContextConfiguration = [WebMergedContextConfiguration@54a5496f testClass = PaymentControllerIntegrationTest, locations = '{}', classes = '{class com.freelencerhub.payment.PaymentServiceApplication}', contextInitializerClasses = '[]', activeProfiles = '{}', propertySourceLocations = '{}', propertySourceProperties = '{org.springframework.boot.test.autoconfigure.web.servlet.WebMvcTestContextBootstrapper=true}', contextCustomizers = set[[ImportsContextCustomizer@3a116ca6 key = [org.springframework.boot.autoconfigure.task.TaskExecutionAutoConfiguration, org.springframework.boot.autoconfigure.cache.CacheAutoConfiguration, org.springframework.boot.autoconfigure.web.servlet.HttpEncodingAutoConfiguration, org.springframework.boot.autoconfigure.validation.ValidationAutoConfiguration, org.springframework.boot.autoconfigure.context.MessageSourceAutoConfiguration, org.springframework.boot.autoconfigure.hateoas.HypermediaAutoConfiguration, org.springframework.boot.autoconfigure.data.web.SpringDataWebAutoConfiguration, org.springframework.boot.autoconfigure.jackson.JacksonAutoConfiguration, org.springframework.boot.test.autoconfigure.web.reactive.WebTestClientAutoConfiguration, org.springframework.boot.autoconfigure.web.servlet.error.ErrorMvcAutoConfiguration, org.springframework.boot.test.autoconfigure.web.servlet.MockMvcAutoConfiguration, org.springframework.boot.autoconfigure.security.servlet.SecurityAutoConfiguration, org.springframework.boot.autoconfigure.security.servlet.SecurityFilterAutoConfiguration, org.springframework.boot.autoconfigure.http.HttpMessageConvertersAutoConfiguration, org.springframework.boot.autoconfigure.security.oauth2.client.servlet.OAuth2ClientAutoConfiguration, org.springframework.boot.test.autoconfigure.web.servlet.MockMvcSecurityConfiguration, org.springframework.boot.test.autoconfigure.web.servlet.MockMvcWebClientAutoConfiguration, org.springframework.boot.test.autoconfigure.web.servlet.MockMvcWebDriverAutoConfiguration, org.springframework.boot.autoconfigure.thymeleaf.ThymeleafAutoConfiguration, org.springframework.boot.autoconfigure.gson.GsonAutoConfiguration, org.springframework.boot.autoconfigure.jsonb.JsonbAutoConfiguration, org.springframework.boot.autoconfigure.freemarker.FreeMarkerAutoConfiguration, org.springframework.boot.autoconfigure.web.servlet.WebMvcAutoConfiguration, org.springframework.boot.autoconfigure.security.servlet.UserDetailsServiceAutoConfiguration, org.springframework.boot.autoconfigure.security.oauth2.resource.servlet.OAuth2ResourceServerAutoConfiguration, org.springframework.boot.autoconfigure.groovy.template.GroovyTemplateAutoConfiguration, org.springframework.boot.autoconfigure.mustache.MustacheAutoConfiguration]], org.springframework.boot.test.context.filter.ExcludeFilterContextCustomizer@6481dce5, org.springframework.boot.test.json.DuplicateJsonObjectContextCustomizerFactory$DuplicateJsonObjectContextCustomizer@352f6727, org.springframework.boot.test.mock.mockito.MockitoContextCustomizer@eccfd67, org.springframework.boot.test.autoconfigure.OverrideAutoConfigurationContextCustomizerFactory$DisableAutoConfigurationContextCustomizer@ee2ae9a, org.springframework.boot.test.autoconfigure.actuate.metrics.MetricsExportContextCustomizerFactory$DisableMetricExportContextCustomizer@2c0798bd, org.springframework.boot.test.autoconfigure.filter.TypeExcludeFiltersContextCustomizer@52708c83, org.springframework.boot.test.autoconfigure.properties.PropertyMappingContextCustomizer@cc948479, org.springframework.boot.test.autoconfigure.web.servlet.WebDriverContextCustomizerFactory$Customizer@6d001fbe, org.springframework.boot.test.context.SpringBootTestArgs@1, org.springframework.boot.test.context.SpringBootTestWebEnvironment@0], resourceBasePath = 'src/main/webapp', contextLoader = 'org.springframework.boot.test.context.SpringBootContextLoader', parent = [null]], attributes = map[[empty]]], class annotated with @DirtiesContext [false] with mode [null].

  .   ____          _            __ _ _
 /\\ / ___'_ __ _ _(_)_ __  __ _ \ \ \ \
( ( )\___ | '_ | '_| | '_ \/ _` | \ \ \ \
 \\/  ___)| |_)| | | | | || (_| |  ) ) ) )
  '  |____| .__|_| |_|_| |_\__, | / / / /
 =========|_|==============|___/=/_/_/_/
 :: Spring Boot ::               (v2.7.18)

2026-05-19 22:46:33.740  INFO 13832 --- [           main] c.f.p.c.PaymentControllerIntegrationTest : Starting PaymentControllerIntegrationTest using Java 11.0.30 on DESKTOP-ED7SHVR with PID 13832 (started by HP in C:\Users\HP\FREELENCERHUB\payment-service)
2026-05-19 22:46:33.744  INFO 13832 --- [           main] c.f.p.c.PaymentControllerIntegrationTest : No active profile set, falling back to 1 default profile: "default"
2026-05-19 22:46:40.591  INFO 13832 --- [           main] o.s.b.t.m.w.SpringBootMockServletContext : Initializing Spring TestDispatcherServlet ''
2026-05-19 22:46:40.592  INFO 13832 --- [           main] o.s.t.web.servlet.TestDispatcherServlet  : Initializing Servlet ''
2026-05-19 22:46:40.594  INFO 13832 --- [           main] o.s.t.web.servlet.TestDispatcherServlet  : Completed initialization in 2 ms
2026-05-19 22:46:40.697  INFO 13832 --- [           main] c.f.p.c.PaymentControllerIntegrationTest : Started PaymentControllerIntegrationTest in 9.303 seconds (JVM running for 14.193)
]]></system-out>
  </testcase>
  <testcase name="testProcessPaymentValid" classname="com.freelencerhub.payment.controller.PaymentControllerIntegrationTest" time="0.382"/>
</testsuite>